[INFO ] 2021-05-14 18:30:49.257 - T - 17 utils.Log:startTestCase 19 

************** Execution Started : signInWithInCorrectEmailandPassword on Thread 17**************

[INFO ] 2021-05-14 18:30:49.263 - T - 17 utils.ListenerClass:onTestStart 36 ========signInWithInCorrectEmailandPasswordTest is starting========
[INFO ] 2021-05-14 18:30:49.367 - T - 17 utils.WebEventListener:afterFindBy 62 Found Element By : By.id: email
[INFO ] 2021-05-14 18:30:49.417 - T - 17 utils.WebEventListener:afterFindBy 62 Found Element By : By.id: email
[INFO ] 2021-05-14 18:30:49.502 - T - 17 utils.WebEventListener:afterFindBy 62 Found Element By : By.id: email
[INFO ] 2021-05-14 18:30:49.750 - T - 17 utils.WebEventListener:afterClickOn 33 Clicked on: [[FirefoxDriver: firefox on WINDOWS (b850eaeb-090d-49c4-bd1f-fa6523f2995c)] -> id: email]
[INFO ] 2021-05-14 18:30:49.756 - T - 17 utils.WebEventListener:afterFindBy 62 Found Element By : By.id: email
[INFO ] 2021-05-14 18:30:49.818 - T - 17 utils.WebEventListener:afterFindBy 62 Found Element By : By.id: password
[INFO ] 2021-05-14 18:30:49.870 - T - 17 utils.WebEventListener:afterFindBy 62 Found Element By : By.id: password
[INFO ] 2021-05-14 18:30:49.885 - T - 17 utils.WebEventListener:afterFindBy 62 Found Element By : By.id: password
[INFO ] 2021-05-14 18:30:50.112 - T - 17 utils.WebEventListener:afterClickOn 33 Clicked on: [[FirefoxDriver: firefox on WINDOWS (b850eaeb-090d-49c4-bd1f-fa6523f2995c)] -> id: password]
[INFO ] 2021-05-14 18:30:50.118 - T - 17 utils.WebEventListener:afterFindBy 62 Found Element By : By.id: password
[INFO ] 2021-05-14 18:30:50.137 - T - 17 utils.WebEventListener:afterFindBy 62 Found Element By : By.className: signup__submit
[INFO ] 2021-05-14 18:30:50.182 - T - 17 utils.WebEventListener:afterFindBy 62 Found Element By : By.className: signup__submit
[INFO ] 2021-05-14 18:30:50.194 - T - 17 utils.WebEventListener:afterFindBy 62 Found Element By : By.className: signup__submit
[INFO ] 2021-05-14 18:30:50.236 - T - 17 utils.WebEventListener:afterFindBy 62 Found Element By : By.className: signup__submit
[INFO ] 2021-05-14 18:30:50.271 - T - 16 utils.Log:startTestCase 19 

************** Execution Started : signInWithInCorrectEmailandPassword on Thread 16**************

[INFO ] 2021-05-14 18:30:50.272 - T - 16 utils.ListenerClass:onTestStart 36 ========signInWithInCorrectEmailandPasswordTest is starting========
[INFO ] 2021-05-14 18:30:50.274 - T - 17 utils.WebEventListener:afterFindBy 62 Found Element By : By.className: signup__submit
[INFO ] 2021-05-14 18:30:50.284 - T - 17 utils.WebEventListener:afterFindBy 62 Found Element By : By.className: signup__submit
[INFO ] 2021-05-14 18:30:50.329 - T - 16 utils.WebEventListener:afterFindBy 62 Found Element By : By.id: email
[INFO ] 2021-05-14 18:30:50.414 - T - 16 utils.WebEventListener:afterFindBy 62 Found Element By : By.id: email
[INFO ] 2021-05-14 18:30:50.472 - T - 16 utils.WebEventListener:afterFindBy 62 Found Element By : By.id: email
[INFO ] 2021-05-14 18:30:50.581 - T - 16 utils.WebEventListener:afterClickOn 33 Clicked on: [[ChromeDriver: chrome on WINDOWS (fe32eb01562c0c818d7e1c5dc1019eb6)] -> id: email]
[INFO ] 2021-05-14 18:30:50.599 - T - 16 utils.WebEventListener:afterFindBy 62 Found Element By : By.id: email
[INFO ] 2021-05-14 18:30:50.748 - T - 16 utils.WebEventListener:afterFindBy 62 Found Element By : By.id: password
[INFO ] 2021-05-14 18:30:50.796 - T - 16 utils.WebEventListener:afterFindBy 62 Found Element By : By.id: password
[INFO ] 2021-05-14 18:30:50.821 - T - 16 utils.WebEventListener:afterFindBy 62 Found Element By : By.id: password
[INFO ] 2021-05-14 18:30:50.888 - T - 16 utils.WebEventListener:afterClickOn 33 Clicked on: [[ChromeDriver: chrome on WINDOWS (fe32eb01562c0c818d7e1c5dc1019eb6)] -> id: password]
[INFO ] 2021-05-14 18:30:50.901 - T - 16 utils.WebEventListener:afterFindBy 62 Found Element By : By.id: password
[INFO ] 2021-05-14 18:30:50.965 - T - 16 utils.WebEventListener:afterFindBy 62 Found Element By : By.className: signup__submit
[INFO ] 2021-05-14 18:30:51.015 - T - 16 utils.WebEventListener:afterFindBy 62 Found Element By : By.className: signup__submit
[INFO ] 2021-05-14 18:30:51.096 - T - 16 utils.WebEventListener:afterFindBy 62 Found Element By : By.className: signup__submit
[INFO ] 2021-05-14 18:30:51.172 - T - 16 utils.WebEventListener:afterFindBy 62 Found Element By : By.className: signup__submit
[INFO ] 2021-05-14 18:30:51.225 - T - 16 utils.WebEventListener:afterFindBy 62 Found Element By : By.className: signup__submit
[INFO ] 2021-05-14 18:30:51.271 - T - 16 utils.WebEventListener:afterFindBy 62 Found Element By : By.className: signup__submit
[INFO ] 2021-05-14 18:30:53.662 - T - 17 utils.WebEventListener:afterClickOn 33 Clicked on: [[FirefoxDriver: firefox on WINDOWS (b850eaeb-090d-49c4-bd1f-fa6523f2995c)] -> class name: signup__submit]
[INFO ] 2021-05-14 18:30:53.748 - T - 17 pages.LoginPage:logInWithoutUsernameAndPassword 94 Looks Like Login Page is Again loaded
[INFO ] 2021-05-14 18:30:53.771 - T - 17 utils.WebEventListener:afterFindBy 62 Found Element By : By.id: email
[INFO ] 2021-05-14 18:30:54.349 - T - 17 utils.WebEventListener:afterFindBy 62 Found Element By : By.id: email
[INFO ] 2021-05-14 18:30:54.399 - T - 17 utils.WebEventListener:afterFindBy 62 Found Element By : By.id: email
[INFO ] 2021-05-14 18:30:54.414 - T - 17 utils.WebEventListener:afterFindBy 62 Found Element By : By.id: email
[INFO ] 2021-05-14 18:30:54.685 - T - 17 utils.WebEventListener:afterClickOn 33 Clicked on: [[FirefoxDriver: firefox on WINDOWS (b850eaeb-090d-49c4-bd1f-fa6523f2995c)] -> id: email]
[INFO ] 2021-05-14 18:30:54.694 - T - 17 utils.WebEventListener:afterFindBy 62 Found Element By : By.id: email
[INFO ] 2021-05-14 18:30:54.775 - T - 17 utils.WebEventListener:afterFindBy 62 Found Element By : By.id: password
[INFO ] 2021-05-14 18:30:54.846 - T - 17 utils.WebEventListener:afterFindBy 62 Found Element By : By.id: password
[INFO ] 2021-05-14 18:30:54.962 - T - 17 utils.WebEventListener:afterFindBy 62 Found Element By : By.id: password
[INFO ] 2021-05-14 18:30:55.151 - T - 16 utils.WebEventListener:afterClickOn 33 Clicked on: [[ChromeDriver: chrome on WINDOWS (fe32eb01562c0c818d7e1c5dc1019eb6)] -> class name: signup__submit]
[INFO ] 2021-05-14 18:30:55.179 - T - 16 pages.LoginPage:logInWithoutUsernameAndPassword 94 Looks Like Login Page is Again loaded
[INFO ] 2021-05-14 18:30:55.201 - T - 16 utils.WebEventListener:afterFindBy 62 Found Element By : By.id: email
[INFO ] 2021-05-14 18:30:55.204 - T - 17 utils.WebEventListener:afterClickOn 33 Clicked on: [[FirefoxDriver: firefox on WINDOWS (b850eaeb-090d-49c4-bd1f-fa6523f2995c)] -> id: password]
[INFO ] 2021-05-14 18:30:55.211 - T - 17 utils.WebEventListener:afterFindBy 62 Found Element By : By.id: password
[INFO ] 2021-05-14 18:30:55.232 - T - 17 utils.WebEventListener:afterFindBy 62 Found Element By : By.className: signup__submit
[INFO ] 2021-05-14 18:30:55.327 - T - 17 utils.WebEventListener:afterFindBy 62 Found Element By : By.className: signup__submit
[INFO ] 2021-05-14 18:30:55.341 - T - 17 utils.WebEventListener:afterFindBy 62 Found Element By : By.className: signup__submit
[INFO ] 2021-05-14 18:30:55.383 - T - 17 utils.WebEventListener:afterFindBy 62 Found Element By : By.className: signup__submit
[INFO ] 2021-05-14 18:30:55.428 - T - 17 utils.WebEventListener:afterFindBy 62 Found Element By : By.className: signup__submit
[INFO ] 2021-05-14 18:30:55.436 - T - 17 utils.WebEventListener:afterFindBy 62 Found Element By : By.className: signup__submit
[INFO ] 2021-05-14 18:30:55.750 - T - 16 utils.WebEventListener:afterFindBy 62 Found Element By : By.id: email
[INFO ] 2021-05-14 18:30:55.867 - T - 16 utils.WebEventListener:afterFindBy 62 Found Element By : By.id: email
[INFO ] 2021-05-14 18:30:56.020 - T - 16 utils.WebEventListener:afterClickOn 33 Clicked on: [[ChromeDriver: chrome on WINDOWS (fe32eb01562c0c818d7e1c5dc1019eb6)] -> id: email]
[INFO ] 2021-05-14 18:30:56.059 - T - 16 utils.WebEventListener:afterFindBy 62 Found Element By : By.id: email
[INFO ] 2021-05-14 18:30:56.218 - T - 16 utils.WebEventListener:afterFindBy 62 Found Element By : By.id: password
[INFO ] 2021-05-14 18:30:56.254 - T - 16 utils.WebEventListener:afterFindBy 62 Found Element By : By.id: password
[INFO ] 2021-05-14 18:30:56.291 - T - 16 utils.WebEventListener:afterFindBy 62 Found Element By : By.id: password
[INFO ] 2021-05-14 18:30:56.697 - T - 16 utils.WebEventListener:afterClickOn 33 Clicked on: [[ChromeDriver: chrome on WINDOWS (fe32eb01562c0c818d7e1c5dc1019eb6)] -> id: password]
[INFO ] 2021-05-14 18:30:56.744 - T - 16 utils.WebEventListener:afterFindBy 62 Found Element By : By.id: password
[INFO ] 2021-05-14 18:30:56.834 - T - 16 utils.WebEventListener:afterFindBy 62 Found Element By : By.className: signup__submit
[INFO ] 2021-05-14 18:30:56.878 - T - 16 utils.WebEventListener:afterFindBy 62 Found Element By : By.className: signup__submit
[INFO ] 2021-05-14 18:30:56.931 - T - 16 utils.WebEventListener:afterFindBy 62 Found Element By : By.className: signup__submit
[INFO ] 2021-05-14 18:30:56.980 - T - 16 utils.WebEventListener:afterFindBy 62 Found Element By : By.className: signup__submit
[INFO ] 2021-05-14 18:30:57.056 - T - 16 utils.WebEventListener:afterFindBy 62 Found Element By : By.className: signup__submit
[INFO ] 2021-05-14 18:30:57.147 - T - 16 utils.WebEventListener:afterFindBy 62 Found Element By : By.className: signup__submit
[INFO ] 2021-05-14 18:30:57.304 - T - 19 utils.Log:startTestCase 19 

************** Execution Started : signInWithInCorrectEmailandPassword on Thread 19**************

[INFO ] 2021-05-14 18:30:57.305 - T - 19 utils.ListenerClass:onTestStart 36 ========signInWithInCorrectEmailandPasswordTest is starting========
[INFO ] 2021-05-14 18:30:57.338 - T - 19 utils.WebEventListener:afterFindBy 62 Found Element By : By.id: email
[INFO ] 2021-05-14 18:30:57.393 - T - 19 utils.WebEventListener:afterFindBy 62 Found Element By : By.id: email
[INFO ] 2021-05-14 18:30:57.427 - T - 19 utils.WebEventListener:afterFindBy 62 Found Element By : By.id: email
[INFO ] 2021-05-14 18:30:57.525 - T - 18 utils.Log:startTestCase 19 

************** Execution Started : signInWithInCorrectEmailandPassword on Thread 18**************

[INFO ] 2021-05-14 18:30:57.526 - T - 18 utils.ListenerClass:onTestStart 36 ========signInWithInCorrectEmailandPasswordTest is starting========
[INFO ] 2021-05-14 18:30:57.557 - T - 18 utils.WebEventListener:afterFindBy 62 Found Element By : By.id: email
[INFO ] 2021-05-14 18:30:57.618 - T - 18 utils.WebEventListener:afterFindBy 62 Found Element By : By.id: email
[INFO ] 2021-05-14 18:30:57.654 - T - 18 utils.WebEventListener:afterFindBy 62 Found Element By : By.id: email
[INFO ] 2021-05-14 18:30:57.727 - T - 19 utils.WebEventListener:afterClickOn 33 Clicked on: [[ChromeDriver: chrome on WINDOWS (6538f5a33f0e78cb6af857cbf75efcc3)] -> id: email]
[INFO ] 2021-05-14 18:30:57.745 - T - 19 utils.WebEventListener:afterFindBy 62 Found Element By : By.id: email
[INFO ] 2021-05-14 18:30:57.921 - T - 18 utils.WebEventListener:afterClickOn 33 Clicked on: [[FirefoxDriver: firefox on WINDOWS (530bafb7-8bf6-408a-852e-67cd6d4e6c7c)] -> id: email]
[INFO ] 2021-05-14 18:30:57.929 - T - 18 utils.WebEventListener:afterFindBy 62 Found Element By : By.id: email
[INFO ] 2021-05-14 18:30:58.074 - T - 18 utils.WebEventListener:afterFindBy 62 Found Element By : By.id: password
[INFO ] 2021-05-14 18:30:58.135 - T - 19 utils.WebEventListener:afterFindBy 62 Found Element By : By.id: password
[INFO ] 2021-05-14 18:30:58.151 - T - 18 utils.WebEventListener:afterFindBy 62 Found Element By : By.id: password
[INFO ] 2021-05-14 18:30:58.166 - T - 18 utils.WebEventListener:afterFindBy 62 Found Element By : By.id: password
[INFO ] 2021-05-14 18:30:58.423 - T - 18 utils.WebEventListener:afterClickOn 33 Clicked on: [[FirefoxDriver: firefox on WINDOWS (530bafb7-8bf6-408a-852e-67cd6d4e6c7c)] -> id: password]
[INFO ] 2021-05-14 18:30:58.429 - T - 18 utils.WebEventListener:afterFindBy 62 Found Element By : By.id: password
[INFO ] 2021-05-14 18:30:58.455 - T - 18 utils.WebEventListener:afterFindBy 62 Found Element By : By.className: signup__submit
[INFO ] 2021-05-14 18:30:58.503 - T - 18 utils.WebEventListener:afterFindBy 62 Found Element By : By.className: signup__submit
[INFO ] 2021-05-14 18:30:58.521 - T - 18 utils.WebEventListener:afterFindBy 62 Found Element By : By.className: signup__submit
[INFO ] 2021-05-14 18:30:58.600 - T - 18 utils.WebEventListener:afterFindBy 62 Found Element By : By.className: signup__submit
[INFO ] 2021-05-14 18:30:58.602 - T - 19 utils.WebEventListener:afterFindBy 62 Found Element By : By.id: password
[INFO ] 2021-05-14 18:30:58.661 - T - 18 utils.WebEventListener:afterFindBy 62 Found Element By : By.className: signup__submit
[INFO ] 2021-05-14 18:30:58.673 - T - 18 utils.WebEventListener:afterFindBy 62 Found Element By : By.className: signup__submit
[INFO ] 2021-05-14 18:30:58.789 - T - 19 utils.WebEventListener:afterFindBy 62 Found Element By : By.id: password
[INFO ] 2021-05-14 18:30:58.970 - T - 19 utils.WebEventListener:afterClickOn 33 Clicked on: [[ChromeDriver: chrome on WINDOWS (6538f5a33f0e78cb6af857cbf75efcc3)] -> id: password]
[INFO ] 2021-05-14 18:30:58.989 - T - 19 utils.WebEventListener:afterFindBy 62 Found Element By : By.id: password
[INFO ] 2021-05-14 18:30:59.161 - T - 19 utils.WebEventListener:afterFindBy 62 Found Element By : By.className: signup__submit
[INFO ] 2021-05-14 18:30:59.217 - T - 19 utils.WebEventListener:afterFindBy 62 Found Element By : By.className: signup__submit
[INFO ] 2021-05-14 18:30:59.253 - T - 19 utils.WebEventListener:afterFindBy 62 Found Element By : By.className: signup__submit
[INFO ] 2021-05-14 18:30:59.345 - T - 19 utils.WebEventListener:afterFindBy 62 Found Element By : By.className: signup__submit
[INFO ] 2021-05-14 18:30:59.375 - T - 19 utils.WebEventListener:afterFindBy 62 Found Element By : By.className: signup__submit
[INFO ] 2021-05-14 18:30:59.399 - T - 19 utils.WebEventListener:afterFindBy 62 Found Element By : By.className: signup__submit
[INFO ] 2021-05-14 18:30:59.419 - T - 16 utils.WebEventListener:afterClickOn 33 Clicked on: [[ChromeDriver: chrome on WINDOWS (fe32eb01562c0c818d7e1c5dc1019eb6)] -> class name: signup__submit]
[INFO ] 2021-05-14 18:30:59.447 - T - 16 utils.WebEventListener:afterFindBy 62 Found Element By : By.xpath: .//div[@class='signup__error-item']
[INFO ] 2021-05-14 18:30:59.466 - T - 16 utils.WebEventListener:afterFindBy 62 Found Element By : By.xpath: .//div[@class='signup__error-item']
[INFO ] 2021-05-14 18:30:59.541 - T - 17 utils.WebEventListener:afterClickOn 33 Clicked on: [[FirefoxDriver: firefox on WINDOWS (b850eaeb-090d-49c4-bd1f-fa6523f2995c)] -> class name: signup__submit]
[INFO ] 2021-05-14 18:30:59.563 - T - 16 pages.LoginPage:logInWithoutUsernameAndPassword 106 Login Failed with Error Message-->[The email or password you entered is incorrect.
Please try again.]
[INFO ] 2021-05-14 18:30:59.566 - T - 16 utils.ListenerClass:onTestSuccess 42 ========signInWithInCorrectEmailandPasswordTest completed successfully========
[INFO ] 2021-05-14 18:30:59.567 - T - 16 base.BaseTest:afterMethod 111 In After Method
[INFO ] 2021-05-14 18:30:59.568 - T - 16 base.BaseTest:afterMethod 118 In After Method, Test signInWithInCorrectEmailandPassword is Ending
[INFO ] 2021-05-14 18:30:59.568 - T - 16 base.BaseTest:afterMethod 119 Taking Screenshot
[INFO ] 2021-05-14 18:30:59.568 - T - 16 base.BaseTest:screenShot 95 Chrome-->ChromeDriver: chrome on WINDOWS (fe32eb01562c0c818d7e1c5dc1019eb6)
[INFO ] 2021-05-14 18:30:59.570 - T - 17 utils.WebEventListener:afterFindBy 62 Found Element By : By.xpath: .//div[@class='signup__error-item']
[INFO ] 2021-05-14 18:30:59.582 - T - 17 utils.WebEventListener:afterFindBy 62 Found Element By : By.xpath: .//div[@class='signup__error-item']
[INFO ] 2021-05-14 18:30:59.726 - T - 17 pages.LoginPage:logInWithoutUsernameAndPassword 106 Login Failed with Error Message-->[The email or password you entered is incorrect.
Please try again.]
[INFO ] 2021-05-14 18:30:59.728 - T - 17 utils.ListenerClass:onTestSuccess 42 ========signInWithInCorrectEmailandPasswordTest completed successfully========
[INFO ] 2021-05-14 18:30:59.729 - T - 17 base.BaseTest:afterMethod 111 In After Method
[INFO ] 2021-05-14 18:30:59.730 - T - 17 base.BaseTest:afterMethod 118 In After Method, Test signInWithInCorrectEmailandPassword is Ending
[INFO ] 2021-05-14 18:30:59.730 - T - 17 base.BaseTest:afterMethod 119 Taking Screenshot
[INFO ] 2021-05-14 18:30:59.730 - T - 17 base.BaseTest:screenShot 99 Firefox-->FirefoxDriver: firefox on WINDOWS (b850eaeb-090d-49c4-bd1f-fa6523f2995c)
[INFO ] 2021-05-14 18:31:01.604 - T - 19 utils.WebEventListener:afterClickOn 33 Clicked on: [[ChromeDriver: chrome on WINDOWS (6538f5a33f0e78cb6af857cbf75efcc3)] -> class name: signup__submit]
[INFO ] 2021-05-14 18:31:01.623 - T - 19 pages.LoginPage:logInWithoutUsernameAndPassword 94 Looks Like Login Page is Again loaded
[INFO ] 2021-05-14 18:31:01.635 - T - 19 utils.WebEventListener:afterFindBy 62 Found Element By : By.id: email
[INFO ] 2021-05-14 18:31:01.705 - T - 19 utils.WebEventListener:afterFindBy 62 Found Element By : By.id: email
[INFO ] 2021-05-14 18:31:01.736 - T - 19 utils.WebEventListener:afterFindBy 62 Found Element By : By.id: email
[INFO ] 2021-05-14 18:31:01.837 - T - 19 utils.WebEventListener:afterClickOn 33 Clicked on: [[ChromeDriver: chrome on WINDOWS (6538f5a33f0e78cb6af857cbf75efcc3)] -> id: email]
[INFO ] 2021-05-14 18:31:01.864 - T - 19 utils.WebEventListener:afterFindBy 62 Found Element By : By.id: email
[INFO ] 2021-05-14 18:31:02.010 - T - 19 utils.WebEventListener:afterFindBy 62 Found Element By : By.id: password
[INFO ] 2021-05-14 18:31:02.064 - T - 19 utils.WebEventListener:afterFindBy 62 Found Element By : By.id: password
[INFO ] 2021-05-14 18:31:02.101 - T - 19 utils.WebEventListener:afterFindBy 62 Found Element By : By.id: password
[INFO ] 2021-05-14 18:31:02.185 - T - 19 utils.WebEventListener:afterClickOn 33 Clicked on: [[ChromeDriver: chrome on WINDOWS (6538f5a33f0e78cb6af857cbf75efcc3)] -> id: password]
[INFO ] 2021-05-14 18:31:02.226 - T - 19 utils.WebEventListener:afterFindBy 62 Found Element By : By.id: password
[INFO ] 2021-05-14 18:31:02.345 - T - 19 utils.WebEventListener:afterFindBy 62 Found Element By : By.className: signup__submit
[INFO ] 2021-05-14 18:31:02.400 - T - 19 utils.WebEventListener:afterFindBy 62 Found Element By : By.className: signup__submit
[INFO ] 2021-05-14 18:31:02.443 - T - 19 utils.WebEventListener:afterFindBy 62 Found Element By : By.className: signup__submit
[INFO ] 2021-05-14 18:31:02.474 - T - 19 utils.WebEventListener:afterFindBy 62 Found Element By : By.className: signup__submit
[INFO ] 2021-05-14 18:31:02.508 - T - 19 utils.WebEventListener:afterFindBy 62 Found Element By : By.className: signup__submit
[INFO ] 2021-05-14 18:31:02.522 - T - 17 base.BaseTest:beforeMethod 64 In Before Method
[INFO ] 2021-05-14 18:31:02.522 - T - 17 base.BaseTest:beforeMethod 67 Running on windows 10 Operating System
[INFO ] 2021-05-14 18:31:02.523 - T - 17 base.BaseTest:beforeMethod 68 Initializing driver for FIREFOX browser
[INFO ] 2021-05-14 18:31:02.523 - T - 17 driverManager.FirefoxDriverManager:getWebdriver 32 Initializing Firefox driver
[DEBUG] 2021-05-14 18:31:02.531 - Resolution firefox=88 in cache (valid until 18:38:27 14/05/2021 SGT)
[DEBUG] 2021-05-14 18:31:02.532 - Resolution firefox88=0.29.0 in cache (valid until 17:38:27 15/05/2021 SGT)
[INFO ] 2021-05-14 18:31:02.532 - Using geckodriver 0.29.0 (resolved driver for Firefox 88)
[TRACE] 2021-05-14 18:31:02.534 - Checking if geckodriver exists in cache
[TRACE] 2021-05-14 18:31:02.538 - Filter cache by geckodriver -- input list [C:\Users\T460\.cache\selenium\chromedriver\win32\2.36\chromedriver.exe, C:\Users\T460\.cache\selenium\chromedriver\win32\89.0.4389.23\chromedriver.exe, C:\Users\T460\.cache\selenium\chromedriver\win32\90.0.4430.24\chromedriver.exe, C:\Users\T460\.cache\selenium\geckodriver\win64\0.29.0\geckodriver.exe, C:\Users\T460\.cache\selenium\resolution.properties] -- output list [C:\Users\T460\.cache\selenium\geckodriver\win64\0.29.0\geckodriver.exe] 
[TRACE] 2021-05-14 18:31:02.539 - Filter cache by 0.29.0 -- input list [C:\Users\T460\.cache\selenium\geckodriver\win64\0.29.0\geckodriver.exe] -- output list [C:\Users\T460\.cache\selenium\geckodriver\win64\0.29.0\geckodriver.exe] 
[TRACE] 2021-05-14 18:31:02.539 - Filter cache by WIN -- input list [C:\Users\T460\.cache\selenium\geckodriver\win64\0.29.0\geckodriver.exe] -- output list [C:\Users\T460\.cache\selenium\geckodriver\win64\0.29.0\geckodriver.exe] 
[DEBUG] 2021-05-14 18:31:02.540 - Driver geckodriver 0.29.0 found in cache
[INFO ] 2021-05-14 18:31:02.541 - Exporting webdriver.gecko.driver as C:\Users\T460\.cache\selenium\geckodriver\win64\0.29.0\geckodriver.exe
[INFO ] 2021-05-14 18:31:02.544 - T - 19 utils.WebEventListener:afterFindBy 62 Found Element By : By.className: signup__submit
[INFO ] 2021-05-14 18:31:03.466 - T - 18 utils.WebEventListener:afterClickOn 33 Clicked on: [[FirefoxDriver: firefox on WINDOWS (530bafb7-8bf6-408a-852e-67cd6d4e6c7c)] -> class name: signup__submit]
[INFO ] 2021-05-14 18:31:03.522 - T - 18 pages.LoginPage:logInWithoutUsernameAndPassword 94 Looks Like Login Page is Again loaded
[INFO ] 2021-05-14 18:31:03.546 - T - 18 utils.WebEventListener:afterFindBy 62 Found Element By : By.id: email
[INFO ] 2021-05-14 18:31:03.586 - T - 18 utils.WebEventListener:afterFindBy 62 Found Element By : By.id: email
[INFO ] 2021-05-14 18:31:03.599 - T - 18 utils.WebEventListener:afterFindBy 62 Found Element By : By.id: email
[INFO ] 2021-05-14 18:31:03.850 - T - 18 utils.WebEventListener:afterClickOn 33 Clicked on: [[FirefoxDriver: firefox on WINDOWS (530bafb7-8bf6-408a-852e-67cd6d4e6c7c)] -> id: email]
[INFO ] 2021-05-14 18:31:03.856 - T - 18 utils.WebEventListener:afterFindBy 62 Found Element By : By.id: email
[INFO ] 2021-05-14 18:31:03.945 - T - 18 utils.WebEventListener:afterFindBy 62 Found Element By : By.id: password
[INFO ] 2021-05-14 18:31:04.030 - T - 18 utils.WebEventListener:afterFindBy 62 Found Element By : By.id: password
[INFO ] 2021-05-14 18:31:04.061 - T - 18 utils.WebEventListener:afterFindBy 62 Found Element By : By.id: password
[INFO ] 2021-05-14 18:31:04.334 - T - 18 utils.WebEventListener:afterClickOn 33 Clicked on: [[FirefoxDriver: firefox on WINDOWS (530bafb7-8bf6-408a-852e-67cd6d4e6c7c)] -> id: password]
[INFO ] 2021-05-14 18:31:04.341 - T - 18 utils.WebEventListener:afterFindBy 62 Found Element By : By.id: password
[INFO ] 2021-05-14 18:31:04.362 - T - 18 utils.WebEventListener:afterFindBy 62 Found Element By : By.className: signup__submit
[INFO ] 2021-05-14 18:31:04.400 - T - 18 utils.WebEventListener:afterFindBy 62 Found Element By : By.className: signup__submit
[INFO ] 2021-05-14 18:31:04.413 - T - 18 utils.WebEventListener:afterFindBy 62 Found Element By : By.className: signup__submit
[INFO ] 2021-05-14 18:31:04.450 - T - 18 utils.WebEventListener:afterFindBy 62 Found Element By : By.className: signup__submit
[INFO ] 2021-05-14 18:31:04.479 - T - 16 base.BaseTest:beforeMethod 64 In Before Method
[INFO ] 2021-05-14 18:31:04.480 - T - 16 base.BaseTest:beforeMethod 67 Running on windows 10 Operating System
[INFO ] 2021-05-14 18:31:04.480 - T - 16 base.BaseTest:beforeMethod 68 Initializing driver for CHROME browser
[INFO ] 2021-05-14 18:31:04.480 - T - 16 driverManager.ChromeDriverManager:getWebdriver 36 Initializing Chrome driver
[DEBUG] 2021-05-14 18:31:04.492 - Resolution chrome=90 in cache (valid until 18:38:12 14/05/2021 SGT)
[DEBUG] 2021-05-14 18:31:04.493 - Resolution chrome90=90.0.4430.24 in cache (valid until 17:38:12 15/05/2021 SGT)
[INFO ] 2021-05-14 18:31:04.494 - Using chromedriver 90.0.4430.24 (resolved driver for Chrome 90)
[TRACE] 2021-05-14 18:31:04.496 - Checking if chromedriver exists in cache
[INFO ] 2021-05-14 18:31:04.497 - T - 18 utils.WebEventListener:afterFindBy 62 Found Element By : By.className: signup__submit
[TRACE] 2021-05-14 18:31:04.500 - Filter cache by chromedriver -- input list [C:\Users\T460\.cache\selenium\chromedriver\win32\2.36\chromedriver.exe, C:\Users\T460\.cache\selenium\chromedriver\win32\89.0.4389.23\chromedriver.exe, C:\Users\T460\.cache\selenium\chromedriver\win32\90.0.4430.24\chromedriver.exe, C:\Users\T460\.cache\selenium\geckodriver\win64\0.29.0\geckodriver.exe, C:\Users\T460\.cache\selenium\resolution.properties] -- output list [C:\Users\T460\.cache\selenium\chromedriver\win32\2.36\chromedriver.exe, C:\Users\T460\.cache\selenium\chromedriver\win32\89.0.4389.23\chromedriver.exe, C:\Users\T460\.cache\selenium\chromedriver\win32\90.0.4430.24\chromedriver.exe] 
[TRACE] 2021-05-14 18:31:04.500 - Filter cache by 90.0.4430.24 -- input list [C:\Users\T460\.cache\selenium\chromedriver\win32\2.36\chromedriver.exe, C:\Users\T460\.cache\selenium\chromedriver\win32\89.0.4389.23\chromedriver.exe, C:\Users\T460\.cache\selenium\chromedriver\win32\90.0.4430.24\chromedriver.exe] -- output list [C:\Users\T460\.cache\selenium\chromedriver\win32\90.0.4430.24\chromedriver.exe] 
[TRACE] 2021-05-14 18:31:04.500 - Filter cache by WIN -- input list [C:\Users\T460\.cache\selenium\chromedriver\win32\90.0.4430.24\chromedriver.exe] -- output list [C:\Users\T460\.cache\selenium\chromedriver\win32\90.0.4430.24\chromedriver.exe] 
[DEBUG] 2021-05-14 18:31:04.500 - Driver chromedriver 90.0.4430.24 found in cache
[INFO ] 2021-05-14 18:31:04.501 - Exporting webdriver.chrome.driver as C:\Users\T460\.cache\selenium\chromedriver\win32\90.0.4430.24\chromedriver.exe
[INFO ] 2021-05-14 18:31:04.507 - T - 18 utils.WebEventListener:afterFindBy 62 Found Element By : By.className: signup__submit
[INFO ] 2021-05-14 18:31:04.826 - T - 19 utils.WebEventListener:afterClickOn 33 Clicked on: [[ChromeDriver: chrome on WINDOWS (6538f5a33f0e78cb6af857cbf75efcc3)] -> class name: signup__submit]
[INFO ] 2021-05-14 18:31:04.868 - T - 19 utils.WebEventListener:afterFindBy 62 Found Element By : By.xpath: .//div[@class='signup__error-item']
[INFO ] 2021-05-14 18:31:04.880 - T - 19 utils.WebEventListener:afterFindBy 62 Found Element By : By.xpath: .//div[@class='signup__error-item']
[INFO ] 2021-05-14 18:31:04.922 - T - 19 pages.LoginPage:logInWithoutUsernameAndPassword 106 Login Failed with Error Message-->[The email or password you entered is incorrect.
Please try again.]
[INFO ] 2021-05-14 18:31:04.925 - T - 19 utils.ListenerClass:onTestSuccess 42 ========signInWithInCorrectEmailandPasswordTest completed successfully========
[INFO ] 2021-05-14 18:31:04.926 - T - 19 base.BaseTest:afterMethod 111 In After Method
[INFO ] 2021-05-14 18:31:04.926 - T - 19 base.BaseTest:afterMethod 118 In After Method, Test signInWithInCorrectEmailandPassword is Ending
[INFO ] 2021-05-14 18:31:04.926 - T - 19 base.BaseTest:afterMethod 119 Taking Screenshot
[INFO ] 2021-05-14 18:31:04.927 - T - 19 base.BaseTest:screenShot 95 Chrome-->ChromeDriver: chrome on WINDOWS (6538f5a33f0e78cb6af857cbf75efcc3)
[INFO ] 2021-05-14 18:31:06.177 - T - 16 driverManager.ChromeDriverManager:getWebdriver 65 ChromeDriver created and webdriver is-->ChromeDriver: chrome on WINDOWS (b99a9b1890b780a17ea83435f23d940b)
[INFO ] 2021-05-14 18:31:06.177 - T - 16 driverManager.ChromeDriverManager:startWebDriverClient 159 Driver after StartWebdriverClient-->ChromeDriver: chrome on WINDOWS (b99a9b1890b780a17ea83435f23d940b)
[INFO ] 2021-05-14 18:31:06.178 - T - 16 base.BaseTest:beforeMethod 72 Chrome Driver value is -->ChromeDriver: chrome on WINDOWS (b99a9b1890b780a17ea83435f23d940b)
[INFO ] 2021-05-14 18:31:06.178 - T - 16 utils.PropertyManager:getProperty 30 OS value-->windows 10
[INFO ] 2021-05-14 18:31:06.178 - T - 16 utils.PropertyManager:getProperty 44 Finding configuration.properties On Windows on the path-->C:\Users\T460\Desktop\WEBAutomationFramework[Miro]\qa-test-miro-[web-test]\src\main\java\configs\configuration.properties
[INFO ] 2021-05-14 18:31:06.178 - T - 16 utils.PropertyManager:getProperty 76 Property File Loaded
[INFO ] 2021-05-14 18:31:08.656 - T - 18 utils.WebEventListener:afterClickOn 33 Clicked on: [[FirefoxDriver: firefox on WINDOWS (530bafb7-8bf6-408a-852e-67cd6d4e6c7c)] -> class name: signup__submit]
[INFO ] 2021-05-14 18:31:08.818 - T - 18 utils.WebEventListener:afterFindBy 62 Found Element By : By.xpath: .//div[@class='signup__error-item']
[INFO ] 2021-05-14 18:31:08.826 - T - 18 utils.WebEventListener:afterFindBy 62 Found Element By : By.xpath: .//div[@class='signup__error-item']
[INFO ] 2021-05-14 18:31:08.993 - T - 18 pages.LoginPage:logInWithoutUsernameAndPassword 106 Login Failed with Error Message-->[The email or password you entered is incorrect.
Please try again.]
[INFO ] 2021-05-14 18:31:08.996 - T - 18 utils.ListenerClass:onTestSuccess 42 ========signInWithInCorrectEmailandPasswordTest completed successfully========
[INFO ] 2021-05-14 18:31:08.997 - T - 18 base.BaseTest:afterMethod 111 In After Method
[INFO ] 2021-05-14 18:31:08.997 - T - 18 base.BaseTest:afterMethod 118 In After Method, Test signInWithInCorrectEmailandPassword is Ending
[INFO ] 2021-05-14 18:31:08.997 - T - 18 base.BaseTest:afterMethod 119 Taking Screenshot
[INFO ] 2021-05-14 18:31:08.998 - T - 18 base.BaseTest:screenShot 99 Firefox-->FirefoxDriver: firefox on WINDOWS (530bafb7-8bf6-408a-852e-67cd6d4e6c7c)
[INFO ] 2021-05-14 18:31:09.325 - T - 17 driverManager.FirefoxDriverManager:getWebdriver 46 FirefoxDriver created
[INFO ] 2021-05-14 18:31:09.325 - T - 17 driverManager.FirefoxDriverManager:getWebdriver 48 FirefoxDriver created and webdriver is-->FirefoxDriver: firefox on WINDOWS (f4569df7-bf72-4e94-a52d-bcd67fd923a2)
[INFO ] 2021-05-14 18:31:09.325 - T - 17 driverManager.FirefoxDriverManager:startWebDriverClient 140 Driver after StartWebdriverClient-->FirefoxDriver: firefox on WINDOWS (f4569df7-bf72-4e94-a52d-bcd67fd923a2)
[INFO ] 2021-05-14 18:31:09.325 - T - 17 base.BaseTest:beforeMethod 75 Firefox Driver value is -->FirefoxDriver: firefox on WINDOWS (f4569df7-bf72-4e94-a52d-bcd67fd923a2)
[INFO ] 2021-05-14 18:31:09.325 - T - 17 utils.PropertyManager:getProperty 30 OS value-->windows 10
[INFO ] 2021-05-14 18:31:09.326 - T - 17 utils.PropertyManager:getProperty 44 Finding configuration.properties On Windows on the path-->C:\Users\T460\Desktop\WEBAutomationFramework[Miro]\qa-test-miro-[web-test]\src\main\java\configs\configuration.properties
[INFO ] 2021-05-14 18:31:09.326 - T - 17 utils.PropertyManager:getProperty 76 Property File Loaded
[INFO ] 2021-05-14 18:31:09.695 - T - 19 base.BaseTest:beforeMethod 64 In Before Method
[INFO ] 2021-05-14 18:31:09.696 - T - 19 base.BaseTest:beforeMethod 67 Running on windows 10 Operating System
[INFO ] 2021-05-14 18:31:09.696 - T - 19 base.BaseTest:beforeMethod 68 Initializing driver for CHROME browser
[INFO ] 2021-05-14 18:31:09.696 - T - 19 driverManager.ChromeDriverManager:getWebdriver 36 Initializing Chrome driver
[DEBUG] 2021-05-14 18:31:09.704 - Resolution chrome=90 in cache (valid until 18:38:12 14/05/2021 SGT)
[DEBUG] 2021-05-14 18:31:09.706 - Resolution chrome90=90.0.4430.24 in cache (valid until 17:38:12 15/05/2021 SGT)
[INFO ] 2021-05-14 18:31:09.706 - Using chromedriver 90.0.4430.24 (resolved driver for Chrome 90)
[TRACE] 2021-05-14 18:31:09.708 - Checking if chromedriver exists in cache
[TRACE] 2021-05-14 18:31:09.712 - Filter cache by chromedriver -- input list [C:\Users\T460\.cache\selenium\chromedriver\win32\2.36\chromedriver.exe, C:\Users\T460\.cache\selenium\chromedriver\win32\89.0.4389.23\chromedriver.exe, C:\Users\T460\.cache\selenium\chromedriver\win32\90.0.4430.24\chromedriver.exe, C:\Users\T460\.cache\selenium\geckodriver\win64\0.29.0\geckodriver.exe, C:\Users\T460\.cache\selenium\resolution.properties] -- output list [C:\Users\T460\.cache\selenium\chromedriver\win32\2.36\chromedriver.exe, C:\Users\T460\.cache\selenium\chromedriver\win32\89.0.4389.23\chromedriver.exe, C:\Users\T460\.cache\selenium\chromedriver\win32\90.0.4430.24\chromedriver.exe] 
[TRACE] 2021-05-14 18:31:09.713 - Filter cache by 90.0.4430.24 -- input list [C:\Users\T460\.cache\selenium\chromedriver\win32\2.36\chromedriver.exe, C:\Users\T460\.cache\selenium\chromedriver\win32\89.0.4389.23\chromedriver.exe, C:\Users\T460\.cache\selenium\chromedriver\win32\90.0.4430.24\chromedriver.exe] -- output list [C:\Users\T460\.cache\selenium\chromedriver\win32\90.0.4430.24\chromedriver.exe] 
[TRACE] 2021-05-14 18:31:09.713 - Filter cache by WIN -- input list [C:\Users\T460\.cache\selenium\chromedriver\win32\90.0.4430.24\chromedriver.exe] -- output list [C:\Users\T460\.cache\selenium\chromedriver\win32\90.0.4430.24\chromedriver.exe] 
[DEBUG] 2021-05-14 18:31:09.714 - Driver chromedriver 90.0.4430.24 found in cache
[INFO ] 2021-05-14 18:31:09.715 - Exporting webdriver.chrome.driver as C:\Users\T460\.cache\selenium\chromedriver\win32\90.0.4430.24\chromedriver.exe
[INFO ] 2021-05-14 18:31:12.142 - T - 19 driverManager.ChromeDriverManager:getWebdriver 65 ChromeDriver created and webdriver is-->ChromeDriver: chrome on WINDOWS (c1fff10f47bd62e3343323afe4099668)
[INFO ] 2021-05-14 18:31:12.142 - T - 19 driverManager.ChromeDriverManager:startWebDriverClient 159 Driver after StartWebdriverClient-->ChromeDriver: chrome on WINDOWS (c1fff10f47bd62e3343323afe4099668)
[INFO ] 2021-05-14 18:31:12.143 - T - 19 base.BaseTest:beforeMethod 72 Chrome Driver value is -->ChromeDriver: chrome on WINDOWS (c1fff10f47bd62e3343323afe4099668)
[INFO ] 2021-05-14 18:31:12.143 - T - 19 utils.PropertyManager:getProperty 30 OS value-->windows 10
[INFO ] 2021-05-14 18:31:12.143 - T - 19 utils.PropertyManager:getProperty 44 Finding configuration.properties On Windows on the path-->C:\Users\T460\Desktop\WEBAutomationFramework[Miro]\qa-test-miro-[web-test]\src\main\java\configs\configuration.properties
[INFO ] 2021-05-14 18:31:12.144 - T - 19 utils.PropertyManager:getProperty 76 Property File Loaded
[INFO ] 2021-05-14 18:31:14.647 - T - 18 base.BaseTest:beforeMethod 64 In Before Method
[INFO ] 2021-05-14 18:31:14.647 - T - 18 base.BaseTest:beforeMethod 67 Running on windows 10 Operating System
[INFO ] 2021-05-14 18:31:14.647 - T - 18 base.BaseTest:beforeMethod 68 Initializing driver for FIREFOX browser
[INFO ] 2021-05-14 18:31:14.647 - T - 18 driverManager.FirefoxDriverManager:getWebdriver 32 Initializing Firefox driver
[DEBUG] 2021-05-14 18:31:14.657 - Resolution firefox=88 in cache (valid until 18:38:27 14/05/2021 SGT)
[DEBUG] 2021-05-14 18:31:14.658 - Resolution firefox88=0.29.0 in cache (valid until 17:38:27 15/05/2021 SGT)
[INFO ] 2021-05-14 18:31:14.658 - Using geckodriver 0.29.0 (resolved driver for Firefox 88)
[TRACE] 2021-05-14 18:31:14.660 - Checking if geckodriver exists in cache
[TRACE] 2021-05-14 18:31:14.664 - Filter cache by geckodriver -- input list [C:\Users\T460\.cache\selenium\chromedriver\win32\2.36\chromedriver.exe, C:\Users\T460\.cache\selenium\chromedriver\win32\89.0.4389.23\chromedriver.exe, C:\Users\T460\.cache\selenium\chromedriver\win32\90.0.4430.24\chromedriver.exe, C:\Users\T460\.cache\selenium\geckodriver\win64\0.29.0\geckodriver.exe, C:\Users\T460\.cache\selenium\resolution.properties] -- output list [C:\Users\T460\.cache\selenium\geckodriver\win64\0.29.0\geckodriver.exe] 
[TRACE] 2021-05-14 18:31:14.664 - Filter cache by 0.29.0 -- input list [C:\Users\T460\.cache\selenium\geckodriver\win64\0.29.0\geckodriver.exe] -- output list [C:\Users\T460\.cache\selenium\geckodriver\win64\0.29.0\geckodriver.exe] 
[TRACE] 2021-05-14 18:31:14.664 - Filter cache by WIN -- input list [C:\Users\T460\.cache\selenium\geckodriver\win64\0.29.0\geckodriver.exe] -- output list [C:\Users\T460\.cache\selenium\geckodriver\win64\0.29.0\geckodriver.exe] 
[DEBUG] 2021-05-14 18:31:14.665 - Driver geckodriver 0.29.0 found in cache
[INFO ] 2021-05-14 18:31:14.665 - Exporting webdriver.gecko.driver as C:\Users\T460\.cache\selenium\geckodriver\win64\0.29.0\geckodriver.exe
[INFO ] 2021-05-14 18:31:16.511 - T - 17 utils.WebEventListener:afterNavigateTo 17 Navigated to:'https://miro.com/login'
[INFO ] 2021-05-14 18:31:20.369 - T - 16 utils.WebEventListener:afterNavigateTo 17 Navigated to:'https://miro.com/login'
[INFO ] 2021-05-14 18:31:21.776 - T - 19 utils.WebEventListener:afterNavigateTo 17 Navigated to:'https://miro.com/login'
[INFO ] 2021-05-14 18:31:22.926 - T - 18 driverManager.FirefoxDriverManager:getWebdriver 46 FirefoxDriver created
[INFO ] 2021-05-14 18:31:22.926 - T - 18 driverManager.FirefoxDriverManager:getWebdriver 48 FirefoxDriver created and webdriver is-->FirefoxDriver: firefox on WINDOWS (1f877741-ffe7-46f6-ad25-ba4c8c83eea8)
[INFO ] 2021-05-14 18:31:22.927 - T - 18 driverManager.FirefoxDriverManager:startWebDriverClient 140 Driver after StartWebdriverClient-->FirefoxDriver: firefox on WINDOWS (1f877741-ffe7-46f6-ad25-ba4c8c83eea8)
[INFO ] 2021-05-14 18:31:22.927 - T - 18 base.BaseTest:beforeMethod 75 Firefox Driver value is -->FirefoxDriver: firefox on WINDOWS (1f877741-ffe7-46f6-ad25-ba4c8c83eea8)
[INFO ] 2021-05-14 18:31:22.928 - T - 18 utils.PropertyManager:getProperty 30 OS value-->windows 10
[INFO ] 2021-05-14 18:31:22.928 - T - 18 utils.PropertyManager:getProperty 44 Finding configuration.properties On Windows on the path-->C:\Users\T460\Desktop\WEBAutomationFramework[Miro]\qa-test-miro-[web-test]\src\main\java\configs\configuration.properties
[INFO ] 2021-05-14 18:31:22.929 - T - 18 utils.PropertyManager:getProperty 76 Property File Loaded
[INFO ] 2021-05-14 18:31:30.080 - T - 18 utils.WebEventListener:afterNavigateTo 17 Navigated to:'https://miro.com/login'
