[INFO ] 2021-05-14 18:30:20.302 - T - 16 utils.Log:startTestCase 19 

************** Execution Started : signInWithoutEmailandPassword on Thread 16**************

[INFO ] 2021-05-14 18:30:20.309 - T - 16 utils.ListenerClass:onTestStart 36 ========signInWithoutEmailandPasswordTest is starting========
[INFO ] 2021-05-14 18:30:20.484 - T - 17 utils.Log:startTestCase 19 

************** Execution Started : signInWithoutEmailandPassword on Thread 17**************

[INFO ] 2021-05-14 18:30:20.485 - T - 17 utils.ListenerClass:onTestStart 36 ========signInWithoutEmailandPasswordTest is starting========
[INFO ] 2021-05-14 18:30:20.536 - T - 17 utils.WebEventListener:afterFindBy 62 Found Element By : By.id: email
[INFO ] 2021-05-14 18:30:20.589 - T - 17 utils.WebEventListener:afterFindBy 62 Found Element By : By.id: email
[INFO ] 2021-05-14 18:30:20.600 - T - 16 utils.WebEventListener:afterFindBy 62 Found Element By : By.id: email
[INFO ] 2021-05-14 18:30:20.620 - T - 17 utils.WebEventListener:afterFindBy 62 Found Element By : By.id: email
[INFO ] 2021-05-14 18:30:20.675 - T - 16 utils.WebEventListener:afterFindBy 62 Found Element By : By.id: email
[INFO ] 2021-05-14 18:30:20.759 - T - 16 utils.WebEventListener:afterFindBy 62 Found Element By : By.id: email
[INFO ] 2021-05-14 18:30:20.855 - T - 17 utils.WebEventListener:afterClickOn 33 Clicked on: [[FirefoxDriver: firefox on WINDOWS (4c73ade6-8752-419f-aae0-16ab096dd811)] -> id: email]
[INFO ] 2021-05-14 18:30:20.869 - T - 17 utils.WebEventListener:afterFindBy 62 Found Element By : By.id: email
[INFO ] 2021-05-14 18:30:20.922 - T - 17 utils.WebEventListener:afterFindBy 62 Found Element By : By.id: password
[INFO ] 2021-05-14 18:30:20.965 - T - 17 utils.WebEventListener:afterFindBy 62 Found Element By : By.id: password
[INFO ] 2021-05-14 18:30:20.982 - T - 17 utils.WebEventListener:afterFindBy 62 Found Element By : By.id: password
[INFO ] 2021-05-14 18:30:20.987 - T - 16 utils.WebEventListener:afterClickOn 33 Clicked on: [[ChromeDriver: chrome on WINDOWS (0abf75ab25e19608cc86085b831a3e17)] -> id: email]
[INFO ] 2021-05-14 18:30:21.035 - T - 16 utils.WebEventListener:afterFindBy 62 Found Element By : By.id: email
[INFO ] 2021-05-14 18:30:21.225 - T - 17 utils.WebEventListener:afterClickOn 33 Clicked on: [[FirefoxDriver: firefox on WINDOWS (4c73ade6-8752-419f-aae0-16ab096dd811)] -> id: password]
[INFO ] 2021-05-14 18:30:21.236 - T - 17 utils.WebEventListener:afterFindBy 62 Found Element By : By.id: password
[INFO ] 2021-05-14 18:30:21.254 - T - 17 utils.WebEventListener:afterFindBy 62 Found Element By : By.className: signup__submit
[INFO ] 2021-05-14 18:30:21.272 - T - 16 utils.WebEventListener:afterFindBy 62 Found Element By : By.id: password
[INFO ] 2021-05-14 18:30:21.315 - T - 17 utils.WebEventListener:afterFindBy 62 Found Element By : By.className: signup__submit
[INFO ] 2021-05-14 18:30:21.338 - T - 17 utils.WebEventListener:afterFindBy 62 Found Element By : By.className: signup__submit
[INFO ] 2021-05-14 18:30:21.403 - T - 17 utils.WebEventListener:afterFindBy 62 Found Element By : By.className: signup__submit
[INFO ] 2021-05-14 18:30:21.455 - T - 17 utils.WebEventListener:afterFindBy 62 Found Element By : By.className: signup__submit
[INFO ] 2021-05-14 18:30:21.469 - T - 17 utils.WebEventListener:afterFindBy 62 Found Element By : By.className: signup__submit
[INFO ] 2021-05-14 18:30:21.481 - T - 16 utils.WebEventListener:afterFindBy 62 Found Element By : By.id: password
[INFO ] 2021-05-14 18:30:21.619 - T - 16 utils.WebEventListener:afterFindBy 62 Found Element By : By.id: password
[INFO ] 2021-05-14 18:30:21.718 - T - 16 utils.WebEventListener:afterClickOn 33 Clicked on: [[ChromeDriver: chrome on WINDOWS (0abf75ab25e19608cc86085b831a3e17)] -> id: password]
[INFO ] 2021-05-14 18:30:21.742 - T - 16 utils.WebEventListener:afterFindBy 62 Found Element By : By.id: password
[INFO ] 2021-05-14 18:30:21.822 - T - 16 utils.WebEventListener:afterFindBy 62 Found Element By : By.className: signup__submit
[INFO ] 2021-05-14 18:30:21.877 - T - 16 utils.WebEventListener:afterFindBy 62 Found Element By : By.className: signup__submit
[INFO ] 2021-05-14 18:30:21.919 - T - 16 utils.WebEventListener:afterFindBy 62 Found Element By : By.className: signup__submit
[INFO ] 2021-05-14 18:30:21.965 - T - 16 utils.WebEventListener:afterFindBy 62 Found Element By : By.className: signup__submit
[INFO ] 2021-05-14 18:30:22.012 - T - 19 utils.Log:startTestCase 19 

************** Execution Started : signInWithoutEmailandPassword on Thread 19**************

[INFO ] 2021-05-14 18:30:22.012 - T - 19 utils.ListenerClass:onTestStart 36 ========signInWithoutEmailandPasswordTest is starting========
[INFO ] 2021-05-14 18:30:22.016 - T - 16 utils.WebEventListener:afterFindBy 62 Found Element By : By.className: signup__submit
[INFO ] 2021-05-14 18:30:22.048 - T - 16 utils.WebEventListener:afterFindBy 62 Found Element By : By.className: signup__submit
[INFO ] 2021-05-14 18:30:22.066 - T - 19 utils.WebEventListener:afterFindBy 62 Found Element By : By.id: email
[INFO ] 2021-05-14 18:30:22.311 - T - 19 utils.WebEventListener:afterFindBy 62 Found Element By : By.id: email
[INFO ] 2021-05-14 18:30:22.613 - T - 19 utils.WebEventListener:afterFindBy 62 Found Element By : By.id: email
[INFO ] 2021-05-14 18:30:22.856 - T - 19 utils.WebEventListener:afterClickOn 33 Clicked on: [[ChromeDriver: chrome on WINDOWS (a9fdf61ef9f6a36029e1fe45e0ce9389)] -> id: email]
[INFO ] 2021-05-14 18:30:22.904 - T - 19 utils.WebEventListener:afterFindBy 62 Found Element By : By.id: email
[INFO ] 2021-05-14 18:30:23.292 - T - 19 utils.WebEventListener:afterFindBy 62 Found Element By : By.id: password
[INFO ] 2021-05-14 18:30:23.710 - T - 19 utils.WebEventListener:afterFindBy 62 Found Element By : By.id: password
[INFO ] 2021-05-14 18:30:23.786 - T - 19 utils.WebEventListener:afterFindBy 62 Found Element By : By.id: password
[INFO ] 2021-05-14 18:30:23.984 - T - 19 utils.WebEventListener:afterClickOn 33 Clicked on: [[ChromeDriver: chrome on WINDOWS (a9fdf61ef9f6a36029e1fe45e0ce9389)] -> id: password]
[INFO ] 2021-05-14 18:30:24.107 - T - 19 utils.WebEventListener:afterFindBy 62 Found Element By : By.id: password
[INFO ] 2021-05-14 18:30:24.770 - T - 19 utils.WebEventListener:afterFindBy 62 Found Element By : By.className: signup__submit
[INFO ] 2021-05-14 18:30:25.047 - T - 19 utils.WebEventListener:afterFindBy 62 Found Element By : By.className: signup__submit
[INFO ] 2021-05-14 18:30:25.076 - T - 17 utils.WebEventListener:afterClickOn 33 Clicked on: [[FirefoxDriver: firefox on WINDOWS (4c73ade6-8752-419f-aae0-16ab096dd811)] -> class name: signup__submit]
[INFO ] 2021-05-14 18:30:25.141 - T - 17 pages.LoginPage:logInWithoutUsernameAndPassword 94 Looks Like Login Page is Again loaded
[INFO ] 2021-05-14 18:30:25.169 - T - 17 utils.WebEventListener:afterFindBy 62 Found Element By : By.id: email
[INFO ] 2021-05-14 18:30:25.230 - T - 17 utils.WebEventListener:afterFindBy 62 Found Element By : By.id: email
[INFO ] 2021-05-14 18:30:25.245 - T - 17 utils.WebEventListener:afterFindBy 62 Found Element By : By.id: email
[INFO ] 2021-05-14 18:30:25.303 - T - 19 utils.WebEventListener:afterFindBy 62 Found Element By : By.className: signup__submit
[INFO ] 2021-05-14 18:30:25.387 - T - 19 utils.WebEventListener:afterFindBy 62 Found Element By : By.className: signup__submit
[INFO ] 2021-05-14 18:30:25.492 - T - 17 utils.WebEventListener:afterClickOn 33 Clicked on: [[FirefoxDriver: firefox on WINDOWS (4c73ade6-8752-419f-aae0-16ab096dd811)] -> id: email]
[INFO ] 2021-05-14 18:30:25.500 - T - 17 utils.WebEventListener:afterFindBy 62 Found Element By : By.id: email
[INFO ] 2021-05-14 18:30:25.500 - T - 19 utils.WebEventListener:afterFindBy 62 Found Element By : By.className: signup__submit
[INFO ] 2021-05-14 18:30:25.535 - T - 17 utils.WebEventListener:afterFindBy 62 Found Element By : By.id: password
[INFO ] 2021-05-14 18:30:25.606 - T - 19 utils.WebEventListener:afterFindBy 62 Found Element By : By.className: signup__submit
[INFO ] 2021-05-14 18:30:25.609 - T - 17 utils.WebEventListener:afterFindBy 62 Found Element By : By.id: password
[INFO ] 2021-05-14 18:30:25.628 - T - 17 utils.WebEventListener:afterFindBy 62 Found Element By : By.id: password
[INFO ] 2021-05-14 18:30:25.854 - T - 17 utils.WebEventListener:afterClickOn 33 Clicked on: [[FirefoxDriver: firefox on WINDOWS (4c73ade6-8752-419f-aae0-16ab096dd811)] -> id: password]
[INFO ] 2021-05-14 18:30:25.861 - T - 17 utils.WebEventListener:afterFindBy 62 Found Element By : By.id: password
[INFO ] 2021-05-14 18:30:25.877 - T - 17 utils.WebEventListener:afterFindBy 62 Found Element By : By.className: signup__submit
[INFO ] 2021-05-14 18:30:25.916 - T - 17 utils.WebEventListener:afterFindBy 62 Found Element By : By.className: signup__submit
[INFO ] 2021-05-14 18:30:25.935 - T - 17 utils.WebEventListener:afterFindBy 62 Found Element By : By.className: signup__submit
[INFO ] 2021-05-14 18:30:25.988 - T - 17 utils.WebEventListener:afterFindBy 62 Found Element By : By.className: signup__submit
[INFO ] 2021-05-14 18:30:26.037 - T - 17 utils.WebEventListener:afterFindBy 62 Found Element By : By.className: signup__submit
[INFO ] 2021-05-14 18:30:26.048 - T - 17 utils.WebEventListener:afterFindBy 62 Found Element By : By.className: signup__submit
[INFO ] 2021-05-14 18:30:26.211 - T - 16 utils.WebEventListener:afterClickOn 33 Clicked on: [[ChromeDriver: chrome on WINDOWS (0abf75ab25e19608cc86085b831a3e17)] -> class name: signup__submit]
[INFO ] 2021-05-14 18:30:26.240 - T - 16 pages.LoginPage:logInWithoutUsernameAndPassword 94 Looks Like Login Page is Again loaded
[INFO ] 2021-05-14 18:30:26.275 - T - 16 utils.WebEventListener:afterFindBy 62 Found Element By : By.id: email
[INFO ] 2021-05-14 18:30:26.324 - T - 16 utils.WebEventListener:afterFindBy 62 Found Element By : By.id: email
[INFO ] 2021-05-14 18:30:26.440 - T - 16 utils.WebEventListener:afterFindBy 62 Found Element By : By.id: email
[INFO ] 2021-05-14 18:30:26.991 - T - 16 utils.WebEventListener:afterClickOn 33 Clicked on: [[ChromeDriver: chrome on WINDOWS (0abf75ab25e19608cc86085b831a3e17)] -> id: email]
[INFO ] 2021-05-14 18:30:27.172 - T - 16 utils.WebEventListener:afterFindBy 62 Found Element By : By.id: email
[INFO ] 2021-05-14 18:30:27.401 - T - 16 utils.WebEventListener:afterFindBy 62 Found Element By : By.id: password
[INFO ] 2021-05-14 18:30:27.707 - T - 16 utils.WebEventListener:afterFindBy 62 Found Element By : By.id: password
[INFO ] 2021-05-14 18:30:27.799 - T - 16 utils.WebEventListener:afterFindBy 62 Found Element By : By.id: password
[INFO ] 2021-05-14 18:30:27.919 - T - 18 utils.Log:startTestCase 19 

************** Execution Started : signInWithoutEmailandPassword on Thread 18**************

[INFO ] 2021-05-14 18:30:27.920 - T - 18 utils.ListenerClass:onTestStart 36 ========signInWithoutEmailandPasswordTest is starting========
[INFO ] 2021-05-14 18:30:27.978 - T - 18 utils.WebEventListener:afterFindBy 62 Found Element By : By.id: email
[INFO ] 2021-05-14 18:30:28.038 - T - 18 utils.WebEventListener:afterFindBy 62 Found Element By : By.id: email
[INFO ] 2021-05-14 18:30:28.038 - T - 16 utils.WebEventListener:afterClickOn 33 Clicked on: [[ChromeDriver: chrome on WINDOWS (0abf75ab25e19608cc86085b831a3e17)] -> id: password]
[INFO ] 2021-05-14 18:30:28.059 - T - 16 utils.WebEventListener:afterFindBy 62 Found Element By : By.id: password
[INFO ] 2021-05-14 18:30:28.068 - T - 18 utils.WebEventListener:afterFindBy 62 Found Element By : By.id: email
[INFO ] 2021-05-14 18:30:28.202 - T - 16 utils.WebEventListener:afterFindBy 62 Found Element By : By.className: signup__submit
[INFO ] 2021-05-14 18:30:28.258 - T - 16 utils.WebEventListener:afterFindBy 62 Found Element By : By.className: signup__submit
[INFO ] 2021-05-14 18:30:28.321 - T - 18 utils.WebEventListener:afterClickOn 33 Clicked on: [[FirefoxDriver: firefox on WINDOWS (67f454a9-959a-49e1-ba6a-4ddc3deb61bc)] -> id: email]
[INFO ] 2021-05-14 18:30:28.333 - T - 18 utils.WebEventListener:afterFindBy 62 Found Element By : By.id: email
[INFO ] 2021-05-14 18:30:28.350 - T - 18 utils.WebEventListener:afterFindBy 62 Found Element By : By.id: password
[INFO ] 2021-05-14 18:30:28.422 - T - 16 utils.WebEventListener:afterFindBy 62 Found Element By : By.className: signup__submit
[INFO ] 2021-05-14 18:30:28.426 - T - 18 utils.WebEventListener:afterFindBy 62 Found Element By : By.id: password
[INFO ] 2021-05-14 18:30:28.438 - T - 18 utils.WebEventListener:afterFindBy 62 Found Element By : By.id: password
[INFO ] 2021-05-14 18:30:28.499 - T - 16 utils.WebEventListener:afterFindBy 62 Found Element By : By.className: signup__submit
[INFO ] 2021-05-14 18:30:28.549 - T - 16 utils.WebEventListener:afterFindBy 62 Found Element By : By.className: signup__submit
[INFO ] 2021-05-14 18:30:28.632 - T - 16 utils.WebEventListener:afterFindBy 62 Found Element By : By.className: signup__submit
[INFO ] 2021-05-14 18:30:28.664 - T - 18 utils.WebEventListener:afterClickOn 33 Clicked on: [[FirefoxDriver: firefox on WINDOWS (67f454a9-959a-49e1-ba6a-4ddc3deb61bc)] -> id: password]
[INFO ] 2021-05-14 18:30:28.671 - T - 18 utils.WebEventListener:afterFindBy 62 Found Element By : By.id: password
[INFO ] 2021-05-14 18:30:28.691 - T - 18 utils.WebEventListener:afterFindBy 62 Found Element By : By.className: signup__submit
[INFO ] 2021-05-14 18:30:28.732 - T - 18 utils.WebEventListener:afterFindBy 62 Found Element By : By.className: signup__submit
[INFO ] 2021-05-14 18:30:28.747 - T - 18 utils.WebEventListener:afterFindBy 62 Found Element By : By.className: signup__submit
[INFO ] 2021-05-14 18:30:28.800 - T - 18 utils.WebEventListener:afterFindBy 62 Found Element By : By.className: signup__submit
[INFO ] 2021-05-14 18:30:28.838 - T - 18 utils.WebEventListener:afterFindBy 62 Found Element By : By.className: signup__submit
[INFO ] 2021-05-14 18:30:28.850 - T - 18 utils.WebEventListener:afterFindBy 62 Found Element By : By.className: signup__submit
[INFO ] 2021-05-14 18:30:29.220 - T - 19 utils.WebEventListener:afterClickOn 33 Clicked on: [[ChromeDriver: chrome on WINDOWS (a9fdf61ef9f6a36029e1fe45e0ce9389)] -> class name: signup__submit]
[INFO ] 2021-05-14 18:30:29.240 - T - 19 pages.LoginPage:logInWithoutUsernameAndPassword 94 Looks Like Login Page is Again loaded
[INFO ] 2021-05-14 18:30:29.255 - T - 19 utils.WebEventListener:afterFindBy 62 Found Element By : By.id: email
[INFO ] 2021-05-14 18:30:29.308 - T - 19 utils.WebEventListener:afterFindBy 62 Found Element By : By.id: email
[INFO ] 2021-05-14 18:30:29.382 - T - 19 utils.WebEventListener:afterFindBy 62 Found Element By : By.id: email
[INFO ] 2021-05-14 18:30:29.546 - T - 17 utils.WebEventListener:afterClickOn 33 Clicked on: [[FirefoxDriver: firefox on WINDOWS (4c73ade6-8752-419f-aae0-16ab096dd811)] -> class name: signup__submit]
[INFO ] 2021-05-14 18:30:29.597 - T - 17 utils.WebEventListener:afterFindBy 62 Found Element By : By.xpath: .//div[@class='signup__error-item']
[INFO ] 2021-05-14 18:30:29.607 - T - 17 utils.WebEventListener:afterFindBy 62 Found Element By : By.xpath: .//div[@class='signup__error-item']
[INFO ] 2021-05-14 18:30:29.676 - T - 19 utils.WebEventListener:afterClickOn 33 Clicked on: [[ChromeDriver: chrome on WINDOWS (a9fdf61ef9f6a36029e1fe45e0ce9389)] -> id: email]
[INFO ] 2021-05-14 18:30:29.961 - T - 17 pages.LoginPage:logInWithoutUsernameAndPassword 106 Login Failed with Error Message-->[Please enter your email address., Please enter your password.]
[INFO ] 2021-05-14 18:30:29.964 - T - 17 utils.ListenerClass:onTestSuccess 42 ========signInWithoutEmailandPasswordTest completed successfully========
[INFO ] 2021-05-14 18:30:29.965 - T - 17 base.BaseTest:afterMethod 111 In After Method
[INFO ] 2021-05-14 18:30:29.965 - T - 17 base.BaseTest:afterMethod 118 In After Method, Test signInWithoutEmailandPassword is Ending
[INFO ] 2021-05-14 18:30:29.966 - T - 17 base.BaseTest:afterMethod 119 Taking Screenshot
[INFO ] 2021-05-14 18:30:29.966 - T - 17 base.BaseTest:screenShot 99 Firefox-->FirefoxDriver: firefox on WINDOWS (4c73ade6-8752-419f-aae0-16ab096dd811)
[INFO ] 2021-05-14 18:30:30.008 - T - 19 utils.WebEventListener:afterFindBy 62 Found Element By : By.id: email
[INFO ] 2021-05-14 18:30:30.125 - T - 19 utils.WebEventListener:afterFindBy 62 Found Element By : By.id: password
[INFO ] 2021-05-14 18:30:30.358 - T - 19 utils.WebEventListener:afterFindBy 62 Found Element By : By.id: password
[INFO ] 2021-05-14 18:30:30.558 - T - 19 utils.WebEventListener:afterFindBy 62 Found Element By : By.id: password
[INFO ] 2021-05-14 18:30:30.690 - T - 19 utils.WebEventListener:afterClickOn 33 Clicked on: [[ChromeDriver: chrome on WINDOWS (a9fdf61ef9f6a36029e1fe45e0ce9389)] -> id: password]
[INFO ] 2021-05-14 18:30:30.739 - T - 19 utils.WebEventListener:afterFindBy 62 Found Element By : By.id: password
[INFO ] 2021-05-14 18:30:30.821 - T - 19 utils.WebEventListener:afterFindBy 62 Found Element By : By.className: signup__submit
[INFO ] 2021-05-14 18:30:30.875 - T - 19 utils.WebEventListener:afterFindBy 62 Found Element By : By.className: signup__submit
[INFO ] 2021-05-14 18:30:31.133 - T - 19 utils.WebEventListener:afterFindBy 62 Found Element By : By.className: signup__submit
[INFO ] 2021-05-14 18:30:31.200 - T - 19 utils.WebEventListener:afterFindBy 62 Found Element By : By.className: signup__submit
[INFO ] 2021-05-14 18:30:31.285 - T - 19 utils.WebEventListener:afterFindBy 62 Found Element By : By.className: signup__submit
[INFO ] 2021-05-14 18:30:31.309 - T - 19 utils.WebEventListener:afterFindBy 62 Found Element By : By.className: signup__submit
[INFO ] 2021-05-14 18:30:31.537 - T - 16 utils.WebEventListener:afterClickOn 33 Clicked on: [[ChromeDriver: chrome on WINDOWS (0abf75ab25e19608cc86085b831a3e17)] -> class name: signup__submit]
[INFO ] 2021-05-14 18:30:31.583 - T - 16 utils.WebEventListener:afterFindBy 62 Found Element By : By.xpath: .//div[@class='signup__error-item']
[INFO ] 2021-05-14 18:30:31.624 - T - 16 utils.WebEventListener:afterFindBy 62 Found Element By : By.xpath: .//div[@class='signup__error-item']
[INFO ] 2021-05-14 18:30:32.214 - T - 16 pages.LoginPage:logInWithoutUsernameAndPassword 106 Login Failed with Error Message-->[Please enter your email address., Please enter your password.]
[INFO ] 2021-05-14 18:30:32.216 - T - 16 utils.ListenerClass:onTestSuccess 42 ========signInWithoutEmailandPasswordTest completed successfully========
[INFO ] 2021-05-14 18:30:32.217 - T - 16 base.BaseTest:afterMethod 111 In After Method
[INFO ] 2021-05-14 18:30:32.217 - T - 16 base.BaseTest:afterMethod 118 In After Method, Test signInWithoutEmailandPassword is Ending
[INFO ] 2021-05-14 18:30:32.217 - T - 16 base.BaseTest:afterMethod 119 Taking Screenshot
[INFO ] 2021-05-14 18:30:32.218 - T - 16 base.BaseTest:screenShot 95 Chrome-->ChromeDriver: chrome on WINDOWS (0abf75ab25e19608cc86085b831a3e17)
[INFO ] 2021-05-14 18:30:32.630 - T - 18 utils.WebEventListener:afterClickOn 33 Clicked on: [[FirefoxDriver: firefox on WINDOWS (67f454a9-959a-49e1-ba6a-4ddc3deb61bc)] -> class name: signup__submit]
[INFO ] 2021-05-14 18:30:32.690 - T - 18 pages.LoginPage:logInWithoutUsernameAndPassword 94 Looks Like Login Page is Again loaded
[INFO ] 2021-05-14 18:30:32.704 - T - 18 utils.WebEventListener:afterFindBy 62 Found Element By : By.id: email
[INFO ] 2021-05-14 18:30:32.790 - T - 18 utils.WebEventListener:afterFindBy 62 Found Element By : By.id: email
[INFO ] 2021-05-14 18:30:32.834 - T - 18 utils.WebEventListener:afterFindBy 62 Found Element By : By.id: email
[INFO ] 2021-05-14 18:30:33.046 - T - 17 base.BaseTest:beforeMethod 64 In Before Method
[INFO ] 2021-05-14 18:30:33.046 - T - 17 base.BaseTest:beforeMethod 67 Running on windows 10 Operating System
[INFO ] 2021-05-14 18:30:33.046 - T - 17 base.BaseTest:beforeMethod 68 Initializing driver for FIREFOX browser
[INFO ] 2021-05-14 18:30:33.046 - T - 17 driverManager.FirefoxDriverManager:getWebdriver 32 Initializing Firefox driver
[DEBUG] 2021-05-14 18:30:33.057 - Resolution firefox=88 in cache (valid until 18:38:27 14/05/2021 SGT)
[DEBUG] 2021-05-14 18:30:33.058 - Resolution firefox88=0.29.0 in cache (valid until 17:38:27 15/05/2021 SGT)
[INFO ] 2021-05-14 18:30:33.058 - Using geckodriver 0.29.0 (resolved driver for Firefox 88)
[TRACE] 2021-05-14 18:30:33.062 - Checking if geckodriver exists in cache
[TRACE] 2021-05-14 18:30:33.068 - Filter cache by geckodriver -- input list [C:\Users\T460\.cache\selenium\chromedriver\win32\2.36\chromedriver.exe, C:\Users\T460\.cache\selenium\chromedriver\win32\89.0.4389.23\chromedriver.exe, C:\Users\T460\.cache\selenium\chromedriver\win32\90.0.4430.24\chromedriver.exe, C:\Users\T460\.cache\selenium\geckodriver\win64\0.29.0\geckodriver.exe, C:\Users\T460\.cache\selenium\resolution.properties] -- output list [C:\Users\T460\.cache\selenium\geckodriver\win64\0.29.0\geckodriver.exe] 
[TRACE] 2021-05-14 18:30:33.068 - Filter cache by 0.29.0 -- input list [C:\Users\T460\.cache\selenium\geckodriver\win64\0.29.0\geckodriver.exe] -- output list [C:\Users\T460\.cache\selenium\geckodriver\win64\0.29.0\geckodriver.exe] 
[TRACE] 2021-05-14 18:30:33.068 - Filter cache by WIN -- input list [C:\Users\T460\.cache\selenium\geckodriver\win64\0.29.0\geckodriver.exe] -- output list [C:\Users\T460\.cache\selenium\geckodriver\win64\0.29.0\geckodriver.exe] 
[DEBUG] 2021-05-14 18:30:33.069 - Driver geckodriver 0.29.0 found in cache
[INFO ] 2021-05-14 18:30:33.069 - Exporting webdriver.gecko.driver as C:\Users\T460\.cache\selenium\geckodriver\win64\0.29.0\geckodriver.exe
[INFO ] 2021-05-14 18:30:33.120 - T - 18 utils.WebEventListener:afterClickOn 33 Clicked on: [[FirefoxDriver: firefox on WINDOWS (67f454a9-959a-49e1-ba6a-4ddc3deb61bc)] -> id: email]
[INFO ] 2021-05-14 18:30:33.133 - T - 18 utils.WebEventListener:afterFindBy 62 Found Element By : By.id: email
[INFO ] 2021-05-14 18:30:33.156 - T - 18 utils.WebEventListener:afterFindBy 62 Found Element By : By.id: password
[INFO ] 2021-05-14 18:30:33.211 - T - 18 utils.WebEventListener:afterFindBy 62 Found Element By : By.id: password
[INFO ] 2021-05-14 18:30:33.223 - T - 18 utils.WebEventListener:afterFindBy 62 Found Element By : By.id: password
[INFO ] 2021-05-14 18:30:33.309 - T - 19 utils.WebEventListener:afterClickOn 33 Clicked on: [[ChromeDriver: chrome on WINDOWS (a9fdf61ef9f6a36029e1fe45e0ce9389)] -> class name: signup__submit]
[INFO ] 2021-05-14 18:30:33.365 - T - 19 utils.WebEventListener:afterFindBy 62 Found Element By : By.xpath: .//div[@class='signup__error-item']
[INFO ] 2021-05-14 18:30:33.392 - T - 19 utils.WebEventListener:afterFindBy 62 Found Element By : By.xpath: .//div[@class='signup__error-item']
[INFO ] 2021-05-14 18:30:33.479 - T - 18 utils.WebEventListener:afterClickOn 33 Clicked on: [[FirefoxDriver: firefox on WINDOWS (67f454a9-959a-49e1-ba6a-4ddc3deb61bc)] -> id: password]
[INFO ] 2021-05-14 18:30:33.485 - T - 18 utils.WebEventListener:afterFindBy 62 Found Element By : By.id: password
[INFO ] 2021-05-14 18:30:33.499 - T - 18 utils.WebEventListener:afterFindBy 62 Found Element By : By.className: signup__submit
[INFO ] 2021-05-14 18:30:33.505 - T - 19 pages.LoginPage:logInWithoutUsernameAndPassword 106 Login Failed with Error Message-->[Please enter your email address., Please enter your password.]
[INFO ] 2021-05-14 18:30:33.507 - T - 19 utils.ListenerClass:onTestSuccess 42 ========signInWithoutEmailandPasswordTest completed successfully========
[INFO ] 2021-05-14 18:30:33.508 - T - 19 base.BaseTest:afterMethod 111 In After Method
[INFO ] 2021-05-14 18:30:33.509 - T - 19 base.BaseTest:afterMethod 118 In After Method, Test signInWithoutEmailandPassword is Ending
[INFO ] 2021-05-14 18:30:33.509 - T - 19 base.BaseTest:afterMethod 119 Taking Screenshot
[INFO ] 2021-05-14 18:30:33.510 - T - 19 base.BaseTest:screenShot 95 Chrome-->ChromeDriver: chrome on WINDOWS (a9fdf61ef9f6a36029e1fe45e0ce9389)
[INFO ] 2021-05-14 18:30:33.563 - T - 18 utils.WebEventListener:afterFindBy 62 Found Element By : By.className: signup__submit
[INFO ] 2021-05-14 18:30:33.576 - T - 18 utils.WebEventListener:afterFindBy 62 Found Element By : By.className: signup__submit
[INFO ] 2021-05-14 18:30:33.617 - T - 18 utils.WebEventListener:afterFindBy 62 Found Element By : By.className: signup__submit
[INFO ] 2021-05-14 18:30:33.657 - T - 18 utils.WebEventListener:afterFindBy 62 Found Element By : By.className: signup__submit
[INFO ] 2021-05-14 18:30:33.666 - T - 18 utils.WebEventListener:afterFindBy 62 Found Element By : By.className: signup__submit
[INFO ] 2021-05-14 18:30:35.694 - T - 16 base.BaseTest:beforeMethod 64 In Before Method
[INFO ] 2021-05-14 18:30:35.695 - T - 16 base.BaseTest:beforeMethod 67 Running on windows 10 Operating System
[INFO ] 2021-05-14 18:30:35.695 - T - 16 base.BaseTest:beforeMethod 68 Initializing driver for CHROME browser
[INFO ] 2021-05-14 18:30:35.695 - T - 16 driverManager.ChromeDriverManager:getWebdriver 36 Initializing Chrome driver
[DEBUG] 2021-05-14 18:30:35.703 - Resolution chrome=90 in cache (valid until 18:38:12 14/05/2021 SGT)
[DEBUG] 2021-05-14 18:30:35.705 - Resolution chrome90=90.0.4430.24 in cache (valid until 17:38:12 15/05/2021 SGT)
[INFO ] 2021-05-14 18:30:35.705 - Using chromedriver 90.0.4430.24 (resolved driver for Chrome 90)
[TRACE] 2021-05-14 18:30:35.707 - Checking if chromedriver exists in cache
[TRACE] 2021-05-14 18:30:35.711 - Filter cache by chromedriver -- input list [C:\Users\T460\.cache\selenium\chromedriver\win32\2.36\chromedriver.exe, C:\Users\T460\.cache\selenium\chromedriver\win32\89.0.4389.23\chromedriver.exe, C:\Users\T460\.cache\selenium\chromedriver\win32\90.0.4430.24\chromedriver.exe, C:\Users\T460\.cache\selenium\geckodriver\win64\0.29.0\geckodriver.exe, C:\Users\T460\.cache\selenium\resolution.properties] -- output list [C:\Users\T460\.cache\selenium\chromedriver\win32\2.36\chromedriver.exe, C:\Users\T460\.cache\selenium\chromedriver\win32\89.0.4389.23\chromedriver.exe, C:\Users\T460\.cache\selenium\chromedriver\win32\90.0.4430.24\chromedriver.exe] 
[TRACE] 2021-05-14 18:30:35.712 - Filter cache by 90.0.4430.24 -- input list [C:\Users\T460\.cache\selenium\chromedriver\win32\2.36\chromedriver.exe, C:\Users\T460\.cache\selenium\chromedriver\win32\89.0.4389.23\chromedriver.exe, C:\Users\T460\.cache\selenium\chromedriver\win32\90.0.4430.24\chromedriver.exe] -- output list [C:\Users\T460\.cache\selenium\chromedriver\win32\90.0.4430.24\chromedriver.exe] 
[TRACE] 2021-05-14 18:30:35.712 - Filter cache by WIN -- input list [C:\Users\T460\.cache\selenium\chromedriver\win32\90.0.4430.24\chromedriver.exe] -- output list [C:\Users\T460\.cache\selenium\chromedriver\win32\90.0.4430.24\chromedriver.exe] 
[DEBUG] 2021-05-14 18:30:35.712 - Driver chromedriver 90.0.4430.24 found in cache
[INFO ] 2021-05-14 18:30:35.713 - Exporting webdriver.chrome.driver as C:\Users\T460\.cache\selenium\chromedriver\win32\90.0.4430.24\chromedriver.exe
[INFO ] 2021-05-14 18:30:37.241 - T - 18 utils.WebEventListener:afterClickOn 33 Clicked on: [[FirefoxDriver: firefox on WINDOWS (67f454a9-959a-49e1-ba6a-4ddc3deb61bc)] -> class name: signup__submit]
[INFO ] 2021-05-14 18:30:37.432 - T - 18 utils.WebEventListener:afterFindBy 62 Found Element By : By.xpath: .//div[@class='signup__error-item']
[INFO ] 2021-05-14 18:30:37.485 - T - 18 utils.WebEventListener:afterFindBy 62 Found Element By : By.xpath: .//div[@class='signup__error-item']
[INFO ] 2021-05-14 18:30:37.665 - T - 16 driverManager.ChromeDriverManager:getWebdriver 65 ChromeDriver created and webdriver is-->ChromeDriver: chrome on WINDOWS (fe32eb01562c0c818d7e1c5dc1019eb6)
[INFO ] 2021-05-14 18:30:37.666 - T - 16 driverManager.ChromeDriverManager:startWebDriverClient 159 Driver after StartWebdriverClient-->ChromeDriver: chrome on WINDOWS (fe32eb01562c0c818d7e1c5dc1019eb6)
[INFO ] 2021-05-14 18:30:37.666 - T - 16 base.BaseTest:beforeMethod 72 Chrome Driver value is -->ChromeDriver: chrome on WINDOWS (fe32eb01562c0c818d7e1c5dc1019eb6)
[INFO ] 2021-05-14 18:30:37.666 - T - 16 utils.PropertyManager:getProperty 30 OS value-->windows 10
[INFO ] 2021-05-14 18:30:37.667 - T - 16 utils.PropertyManager:getProperty 44 Finding configuration.properties On Windows on the path-->C:\Users\T460\Desktop\WEBAutomationFramework[Miro]\qa-test-miro-[web-test]\src\main\java\configs\configuration.properties
[INFO ] 2021-05-14 18:30:37.667 - T - 16 utils.PropertyManager:getProperty 76 Property File Loaded
[INFO ] 2021-05-14 18:30:37.752 - T - 18 pages.LoginPage:logInWithoutUsernameAndPassword 106 Login Failed with Error Message-->[Please enter your email address., Please enter your password.]
[INFO ] 2021-05-14 18:30:37.754 - T - 18 utils.ListenerClass:onTestSuccess 42 ========signInWithoutEmailandPasswordTest completed successfully========
[INFO ] 2021-05-14 18:30:37.755 - T - 18 base.BaseTest:afterMethod 111 In After Method
[INFO ] 2021-05-14 18:30:37.755 - T - 18 base.BaseTest:afterMethod 118 In After Method, Test signInWithoutEmailandPassword is Ending
[INFO ] 2021-05-14 18:30:37.755 - T - 18 base.BaseTest:afterMethod 119 Taking Screenshot
[INFO ] 2021-05-14 18:30:37.756 - T - 18 base.BaseTest:screenShot 99 Firefox-->FirefoxDriver: firefox on WINDOWS (67f454a9-959a-49e1-ba6a-4ddc3deb61bc)
[INFO ] 2021-05-14 18:30:39.943 - T - 17 driverManager.FirefoxDriverManager:getWebdriver 46 FirefoxDriver created
[INFO ] 2021-05-14 18:30:39.943 - T - 17 driverManager.FirefoxDriverManager:getWebdriver 48 FirefoxDriver created and webdriver is-->FirefoxDriver: firefox on WINDOWS (b850eaeb-090d-49c4-bd1f-fa6523f2995c)
[INFO ] 2021-05-14 18:30:39.944 - T - 17 driverManager.FirefoxDriverManager:startWebDriverClient 140 Driver after StartWebdriverClient-->FirefoxDriver: firefox on WINDOWS (b850eaeb-090d-49c4-bd1f-fa6523f2995c)
[INFO ] 2021-05-14 18:30:39.944 - T - 17 base.BaseTest:beforeMethod 75 Firefox Driver value is -->FirefoxDriver: firefox on WINDOWS (b850eaeb-090d-49c4-bd1f-fa6523f2995c)
[INFO ] 2021-05-14 18:30:39.945 - T - 17 utils.PropertyManager:getProperty 30 OS value-->windows 10
[INFO ] 2021-05-14 18:30:39.945 - T - 17 utils.PropertyManager:getProperty 44 Finding configuration.properties On Windows on the path-->C:\Users\T460\Desktop\WEBAutomationFramework[Miro]\qa-test-miro-[web-test]\src\main\java\configs\configuration.properties
[INFO ] 2021-05-14 18:30:39.946 - T - 17 utils.PropertyManager:getProperty 76 Property File Loaded
[INFO ] 2021-05-14 18:30:40.091 - T - 18 base.BaseTest:beforeMethod 64 In Before Method
[INFO ] 2021-05-14 18:30:40.091 - T - 18 base.BaseTest:beforeMethod 67 Running on windows 10 Operating System
[INFO ] 2021-05-14 18:30:40.092 - T - 18 base.BaseTest:beforeMethod 68 Initializing driver for FIREFOX browser
[INFO ] 2021-05-14 18:30:40.092 - T - 18 driverManager.FirefoxDriverManager:getWebdriver 32 Initializing Firefox driver
[DEBUG] 2021-05-14 18:30:40.101 - Resolution firefox=88 in cache (valid until 18:38:27 14/05/2021 SGT)
[DEBUG] 2021-05-14 18:30:40.103 - Resolution firefox88=0.29.0 in cache (valid until 17:38:27 15/05/2021 SGT)
[INFO ] 2021-05-14 18:30:40.103 - Using geckodriver 0.29.0 (resolved driver for Firefox 88)
[TRACE] 2021-05-14 18:30:40.106 - Checking if geckodriver exists in cache
[TRACE] 2021-05-14 18:30:40.112 - Filter cache by geckodriver -- input list [C:\Users\T460\.cache\selenium\chromedriver\win32\2.36\chromedriver.exe, C:\Users\T460\.cache\selenium\chromedriver\win32\89.0.4389.23\chromedriver.exe, C:\Users\T460\.cache\selenium\chromedriver\win32\90.0.4430.24\chromedriver.exe, C:\Users\T460\.cache\selenium\geckodriver\win64\0.29.0\geckodriver.exe, C:\Users\T460\.cache\selenium\resolution.properties] -- output list [C:\Users\T460\.cache\selenium\geckodriver\win64\0.29.0\geckodriver.exe] 
[TRACE] 2021-05-14 18:30:40.112 - Filter cache by 0.29.0 -- input list [C:\Users\T460\.cache\selenium\geckodriver\win64\0.29.0\geckodriver.exe] -- output list [C:\Users\T460\.cache\selenium\geckodriver\win64\0.29.0\geckodriver.exe] 
[TRACE] 2021-05-14 18:30:40.112 - Filter cache by WIN -- input list [C:\Users\T460\.cache\selenium\geckodriver\win64\0.29.0\geckodriver.exe] -- output list [C:\Users\T460\.cache\selenium\geckodriver\win64\0.29.0\geckodriver.exe] 
[DEBUG] 2021-05-14 18:30:40.113 - Driver geckodriver 0.29.0 found in cache
[INFO ] 2021-05-14 18:30:40.114 - Exporting webdriver.gecko.driver as C:\Users\T460\.cache\selenium\geckodriver\win64\0.29.0\geckodriver.exe
[INFO ] 2021-05-14 18:30:40.463 - T - 19 base.BaseTest:beforeMethod 64 In Before Method
[INFO ] 2021-05-14 18:30:40.463 - T - 19 base.BaseTest:beforeMethod 67 Running on windows 10 Operating System
[INFO ] 2021-05-14 18:30:40.464 - T - 19 base.BaseTest:beforeMethod 68 Initializing driver for CHROME browser
[INFO ] 2021-05-14 18:30:40.464 - T - 19 driverManager.ChromeDriverManager:getWebdriver 36 Initializing Chrome driver
[DEBUG] 2021-05-14 18:30:40.475 - Resolution chrome=90 in cache (valid until 18:38:12 14/05/2021 SGT)
[DEBUG] 2021-05-14 18:30:40.477 - Resolution chrome90=90.0.4430.24 in cache (valid until 17:38:12 15/05/2021 SGT)
[INFO ] 2021-05-14 18:30:40.477 - Using chromedriver 90.0.4430.24 (resolved driver for Chrome 90)
[TRACE] 2021-05-14 18:30:40.480 - Checking if chromedriver exists in cache
[TRACE] 2021-05-14 18:30:40.484 - Filter cache by chromedriver -- input list [C:\Users\T460\.cache\selenium\chromedriver\win32\2.36\chromedriver.exe, C:\Users\T460\.cache\selenium\chromedriver\win32\89.0.4389.23\chromedriver.exe, C:\Users\T460\.cache\selenium\chromedriver\win32\90.0.4430.24\chromedriver.exe, C:\Users\T460\.cache\selenium\geckodriver\win64\0.29.0\geckodriver.exe, C:\Users\T460\.cache\selenium\resolution.properties] -- output list [C:\Users\T460\.cache\selenium\chromedriver\win32\2.36\chromedriver.exe, C:\Users\T460\.cache\selenium\chromedriver\win32\89.0.4389.23\chromedriver.exe, C:\Users\T460\.cache\selenium\chromedriver\win32\90.0.4430.24\chromedriver.exe] 
[TRACE] 2021-05-14 18:30:40.484 - Filter cache by 90.0.4430.24 -- input list [C:\Users\T460\.cache\selenium\chromedriver\win32\2.36\chromedriver.exe, C:\Users\T460\.cache\selenium\chromedriver\win32\89.0.4389.23\chromedriver.exe, C:\Users\T460\.cache\selenium\chromedriver\win32\90.0.4430.24\chromedriver.exe] -- output list [C:\Users\T460\.cache\selenium\chromedriver\win32\90.0.4430.24\chromedriver.exe] 
[TRACE] 2021-05-14 18:30:40.485 - Filter cache by WIN -- input list [C:\Users\T460\.cache\selenium\chromedriver\win32\90.0.4430.24\chromedriver.exe] -- output list [C:\Users\T460\.cache\selenium\chromedriver\win32\90.0.4430.24\chromedriver.exe] 
[DEBUG] 2021-05-14 18:30:40.485 - Driver chromedriver 90.0.4430.24 found in cache
[INFO ] 2021-05-14 18:30:40.486 - Exporting webdriver.chrome.driver as C:\Users\T460\.cache\selenium\chromedriver\win32\90.0.4430.24\chromedriver.exe
[INFO ] 2021-05-14 18:30:43.625 - T - 19 driverManager.ChromeDriverManager:getWebdriver 65 ChromeDriver created and webdriver is-->ChromeDriver: chrome on WINDOWS (6538f5a33f0e78cb6af857cbf75efcc3)
[INFO ] 2021-05-14 18:30:43.625 - T - 19 driverManager.ChromeDriverManager:startWebDriverClient 159 Driver after StartWebdriverClient-->ChromeDriver: chrome on WINDOWS (6538f5a33f0e78cb6af857cbf75efcc3)
[INFO ] 2021-05-14 18:30:43.625 - T - 19 base.BaseTest:beforeMethod 72 Chrome Driver value is -->ChromeDriver: chrome on WINDOWS (6538f5a33f0e78cb6af857cbf75efcc3)
[INFO ] 2021-05-14 18:30:43.626 - T - 19 utils.PropertyManager:getProperty 30 OS value-->windows 10
[INFO ] 2021-05-14 18:30:43.626 - T - 19 utils.PropertyManager:getProperty 44 Finding configuration.properties On Windows on the path-->C:\Users\T460\Desktop\WEBAutomationFramework[Miro]\qa-test-miro-[web-test]\src\main\java\configs\configuration.properties
[INFO ] 2021-05-14 18:30:43.628 - T - 19 utils.PropertyManager:getProperty 76 Property File Loaded
[INFO ] 2021-05-14 18:30:49.196 - T - 17 utils.WebEventListener:afterNavigateTo 17 Navigated to:'https://miro.com/login'
[INFO ] 2021-05-14 18:30:49.236 - T - 18 driverManager.FirefoxDriverManager:getWebdriver 46 FirefoxDriver created
[INFO ] 2021-05-14 18:30:49.237 - T - 18 driverManager.FirefoxDriverManager:getWebdriver 48 FirefoxDriver created and webdriver is-->FirefoxDriver: firefox on WINDOWS (530bafb7-8bf6-408a-852e-67cd6d4e6c7c)
[INFO ] 2021-05-14 18:30:49.237 - T - 18 driverManager.FirefoxDriverManager:startWebDriverClient 140 Driver after StartWebdriverClient-->FirefoxDriver: firefox on WINDOWS (530bafb7-8bf6-408a-852e-67cd6d4e6c7c)
[INFO ] 2021-05-14 18:30:49.237 - T - 18 base.BaseTest:beforeMethod 75 Firefox Driver value is -->FirefoxDriver: firefox on WINDOWS (530bafb7-8bf6-408a-852e-67cd6d4e6c7c)
[INFO ] 2021-05-14 18:30:49.237 - T - 18 utils.PropertyManager:getProperty 30 OS value-->windows 10
[INFO ] 2021-05-14 18:30:49.238 - T - 18 utils.PropertyManager:getProperty 44 Finding configuration.properties On Windows on the path-->C:\Users\T460\Desktop\WEBAutomationFramework[Miro]\qa-test-miro-[web-test]\src\main\java\configs\configuration.properties
[INFO ] 2021-05-14 18:30:49.238 - T - 18 utils.PropertyManager:getProperty 76 Property File Loaded
[INFO ] 2021-05-14 18:30:49.380 - T - 16 utils.WebEventListener:afterNavigateTo 17 Navigated to:'https://miro.com/login'
[INFO ] 2021-05-14 18:30:56.431 - T - 19 utils.WebEventListener:afterNavigateTo 17 Navigated to:'https://miro.com/login'
[INFO ] 2021-05-14 18:30:57.484 - T - 18 utils.WebEventListener:afterNavigateTo 17 Navigated to:'https://miro.com/login'
