[INFO ] 2021-05-14 18:31:16.547 - T - 17 utils.Log:startTestCase 19 

************** Execution Started : verifyForgotPasswordLink on Thread 17**************

[INFO ] 2021-05-14 18:31:16.552 - T - 17 utils.ListenerClass:onTestStart 36 ========verifyForgotPasswordLinkTest is starting========
[INFO ] 2021-05-14 18:31:16.764 - T - 17 utils.WebEventListener:afterFindBy 62 Found Element By : By.xpath: .//div[@class='signup__recovery']/a
[INFO ] 2021-05-14 18:31:17.017 - T - 17 utils.WebEventListener:afterFindBy 62 Found Element By : By.xpath: .//div[@class='signup__recovery']/a
[INFO ] 2021-05-14 18:31:17.052 - T - 17 utils.WebEventListener:afterFindBy 62 Found Element By : By.xpath: .//div[@class='signup__recovery']/a
[INFO ] 2021-05-14 18:31:20.623 - T - 17 utils.WebEventListener:afterClickOn 33 Clicked on: [[FirefoxDriver: firefox on WINDOWS (f4569df7-bf72-4e94-a52d-bcd67fd923a2)] -> xpath: .//div[@class='signup__recovery']/a]
[INFO ] 2021-05-14 18:31:20.697 - T - 17 utils.WebEventListener:afterFindBy 62 Found Element By : By.id: email
[INFO ] 2021-05-14 18:31:20.739 - T - 17 utils.WebEventListener:afterFindBy 62 Found Element By : By.id: email
[INFO ] 2021-05-14 18:31:20.777 - T - 17 utils.WebEventListener:afterFindBy 62 Found Element By : By.className: signup__submit
[INFO ] 2021-05-14 18:31:20.813 - T - 17 utils.WebEventListener:afterFindBy 62 Found Element By : By.className: signup__submit
[INFO ] 2021-05-14 18:31:20.852 - T - 17 utils.WebEventListener:afterFindBy 62 Found Element By : By.xpath: .//div[@class='signup__footer signup__footer--text-center']/a
[INFO ] 2021-05-14 18:31:20.899 - T - 17 utils.WebEventListener:afterFindBy 62 Found Element By : By.xpath: .//div[@class='signup__footer signup__footer--text-center']/a
[INFO ] 2021-05-14 18:31:20.937 - T - 17 utils.WebEventListener:afterFindBy 62 Found Element By : By.xpath: .//div[@class='signup__container']/h1
[INFO ] 2021-05-14 18:31:20.962 - T - 17 utils.WebEventListener:afterFindBy 62 Found Element By : By.xpath: (.//div[@class='signup__container']/div)[1]
[INFO ] 2021-05-14 18:31:20.972 - T - 17 pages.ForgotPasswordPage:verifyForgotPasswordPage 65 Forgot Password Page Loaded Properly
[INFO ] 2021-05-14 18:31:20.987 - T - 17 utils.WebEventListener:afterFindBy 62 Found Element By : By.id: email
[INFO ] 2021-05-14 18:31:21.031 - T - 17 utils.WebEventListener:afterFindBy 62 Found Element By : By.id: email
[INFO ] 2021-05-14 18:31:21.046 - T - 17 utils.WebEventListener:afterFindBy 62 Found Element By : By.id: email
[INFO ] 2021-05-14 18:31:21.170 - T - 16 utils.Log:startTestCase 19 

************** Execution Started : verifyForgotPasswordLink on Thread 16**************

[INFO ] 2021-05-14 18:31:21.171 - T - 16 utils.ListenerClass:onTestStart 36 ========verifyForgotPasswordLinkTest is starting========
[INFO ] 2021-05-14 18:31:21.217 - T - 16 utils.WebEventListener:afterFindBy 62 Found Element By : By.xpath: .//div[@class='signup__recovery']/a
[INFO ] 2021-05-14 18:31:21.260 - T - 16 utils.WebEventListener:afterFindBy 62 Found Element By : By.xpath: .//div[@class='signup__recovery']/a
[INFO ] 2021-05-14 18:31:21.284 - T - 17 utils.WebEventListener:afterClickOn 33 Clicked on: [[FirefoxDriver: firefox on WINDOWS (f4569df7-bf72-4e94-a52d-bcd67fd923a2)] -> id: email]
[INFO ] 2021-05-14 18:31:21.292 - T - 17 utils.WebEventListener:afterFindBy 62 Found Element By : By.id: email
[INFO ] 2021-05-14 18:31:21.363 - T - 17 utils.WebEventListener:afterFindBy 62 Found Element By : By.className: signup__submit
[INFO ] 2021-05-14 18:31:21.367 - T - 16 utils.WebEventListener:afterFindBy 62 Found Element By : By.xpath: .//div[@class='signup__recovery']/a
[INFO ] 2021-05-14 18:31:21.403 - T - 17 utils.WebEventListener:afterFindBy 62 Found Element By : By.className: signup__submit
[INFO ] 2021-05-14 18:31:21.467 - T - 17 utils.WebEventListener:afterFindBy 62 Found Element By : By.className: signup__submit
[INFO ] 2021-05-14 18:31:23.418 - T - 19 utils.Log:startTestCase 19 

************** Execution Started : verifyForgotPasswordLink on Thread 19**************

[INFO ] 2021-05-14 18:31:23.419 - T - 19 utils.ListenerClass:onTestStart 36 ========verifyForgotPasswordLinkTest is starting========
[INFO ] 2021-05-14 18:31:23.468 - T - 19 utils.WebEventListener:afterFindBy 62 Found Element By : By.xpath: .//div[@class='signup__recovery']/a
[INFO ] 2021-05-14 18:31:23.543 - T - 19 utils.WebEventListener:afterFindBy 62 Found Element By : By.xpath: .//div[@class='signup__recovery']/a
[INFO ] 2021-05-14 18:31:23.594 - T - 19 utils.WebEventListener:afterFindBy 62 Found Element By : By.xpath: .//div[@class='signup__recovery']/a
[INFO ] 2021-05-14 18:31:23.817 - T - 16 utils.WebEventListener:afterClickOn 33 Clicked on: [[ChromeDriver: chrome on WINDOWS (b99a9b1890b780a17ea83435f23d940b)] -> xpath: .//div[@class='signup__recovery']/a]
[INFO ] 2021-05-14 18:31:23.931 - T - 16 utils.WebEventListener:afterFindBy 62 Found Element By : By.id: email
[INFO ] 2021-05-14 18:31:24.023 - T - 16 utils.WebEventListener:afterFindBy 62 Found Element By : By.id: email
[INFO ] 2021-05-14 18:31:24.074 - T - 16 utils.WebEventListener:afterFindBy 62 Found Element By : By.className: signup__submit
[INFO ] 2021-05-14 18:31:24.111 - T - 16 utils.WebEventListener:afterFindBy 62 Found Element By : By.className: signup__submit
[INFO ] 2021-05-14 18:31:24.556 - T - 16 utils.WebEventListener:afterFindBy 62 Found Element By : By.xpath: .//div[@class='signup__footer signup__footer--text-center']/a
[INFO ] 2021-05-14 18:31:25.215 - T - 16 utils.WebEventListener:afterFindBy 62 Found Element By : By.xpath: .//div[@class='signup__footer signup__footer--text-center']/a
[INFO ] 2021-05-14 18:31:25.412 - T - 16 utils.WebEventListener:afterFindBy 62 Found Element By : By.xpath: .//div[@class='signup__container']/h1
[INFO ] 2021-05-14 18:31:25.567 - T - 16 utils.WebEventListener:afterFindBy 62 Found Element By : By.xpath: (.//div[@class='signup__container']/div)[1]
[INFO ] 2021-05-14 18:31:25.638 - T - 17 utils.WebEventListener:afterClickOn 33 Clicked on: [[FirefoxDriver: firefox on WINDOWS (f4569df7-bf72-4e94-a52d-bcd67fd923a2)] -> class name: signup__submit]
[INFO ] 2021-05-14 18:31:25.700 - T - 17 utils.WebEventListener:afterFindBy 62 Found Element By : By.xpath: .//div[@class='signup__container']/form/button
[INFO ] 2021-05-14 18:31:25.744 - T - 16 pages.ForgotPasswordPage:verifyForgotPasswordPage 65 Forgot Password Page Loaded Properly
[INFO ] 2021-05-14 18:31:25.749 - T - 17 utils.WebEventListener:afterFindBy 62 Found Element By : By.xpath: .//div[@class='signup__container']/form/button
[INFO ] 2021-05-14 18:31:25.789 - T - 16 utils.WebEventListener:afterFindBy 62 Found Element By : By.id: email
[INFO ] 2021-05-14 18:31:25.820 - T - 17 utils.WebEventListener:afterFindBy 62 Found Element By : By.xpath: .//div[@class='signup__container']/h1
[INFO ] 2021-05-14 18:31:25.827 - T - 16 utils.WebEventListener:afterFindBy 62 Found Element By : By.id: email
[INFO ] 2021-05-14 18:31:25.864 - T - 17 utils.WebEventListener:afterFindBy 62 Found Element By : By.xpath: .//div[@class='signup__container']/h1
[INFO ] 2021-05-14 18:31:25.869 - T - 16 utils.WebEventListener:afterFindBy 62 Found Element By : By.id: email
[INFO ] 2021-05-14 18:31:25.898 - T - 17 utils.WebEventListener:afterFindBy 62 Found Element By : By.xpath: .//div[@class='signup__container']/div
[INFO ] 2021-05-14 18:31:25.942 - T - 17 utils.WebEventListener:afterFindBy 62 Found Element By : By.xpath: .//div[@class='signup__container']/div
[INFO ] 2021-05-14 18:31:25.981 - T - 17 pages.ForgotPasswordSuccessPage:verifyForgotPageSuccessPage 53 Forgot Password Page Loaded Properly
[INFO ] 2021-05-14 18:31:26.021 - T - 16 utils.WebEventListener:afterClickOn 33 Clicked on: [[ChromeDriver: chrome on WINDOWS (b99a9b1890b780a17ea83435f23d940b)] -> id: email]
[INFO ] 2021-05-14 18:31:26.025 - T - 17 utils.WebEventListener:afterFindBy 62 Found Element By : By.xpath: .//div[@class='signup__container']/h1
[INFO ] 2021-05-14 18:31:26.039 - T - 17 utils.WebEventListener:afterFindBy 62 Found Element By : By.xpath: .//div[@class='signup__container']/div
[INFO ] 2021-05-14 18:31:26.045 - T - 16 utils.WebEventListener:afterFindBy 62 Found Element By : By.id: email
[INFO ] 2021-05-14 18:31:26.052 - T - 17 utils.ListenerClass:onTestSuccess 42 ========verifyForgotPasswordLinkTest completed successfully========
[INFO ] 2021-05-14 18:31:26.054 - T - 17 base.BaseTest:afterMethod 111 In After Method
[INFO ] 2021-05-14 18:31:26.054 - T - 17 base.BaseTest:afterMethod 118 In After Method, Test verifyForgotPasswordLink is Ending
[INFO ] 2021-05-14 18:31:26.054 - T - 17 base.BaseTest:afterMethod 119 Taking Screenshot
[INFO ] 2021-05-14 18:31:26.055 - T - 17 base.BaseTest:screenShot 99 Firefox-->FirefoxDriver: firefox on WINDOWS (f4569df7-bf72-4e94-a52d-bcd67fd923a2)
[INFO ] 2021-05-14 18:31:26.801 - T - 16 utils.WebEventListener:afterFindBy 62 Found Element By : By.className: signup__submit
[INFO ] 2021-05-14 18:31:26.859 - T - 16 utils.WebEventListener:afterFindBy 62 Found Element By : By.className: signup__submit
[INFO ] 2021-05-14 18:31:26.911 - T - 16 utils.WebEventListener:afterFindBy 62 Found Element By : By.className: signup__submit
[INFO ] 2021-05-14 18:31:28.482 - T - 19 utils.WebEventListener:afterClickOn 33 Clicked on: [[ChromeDriver: chrome on WINDOWS (c1fff10f47bd62e3343323afe4099668)] -> xpath: .//div[@class='signup__recovery']/a]
[INFO ] 2021-05-14 18:31:28.548 - T - 19 utils.WebEventListener:afterFindBy 62 Found Element By : By.id: email
[INFO ] 2021-05-14 18:31:28.608 - T - 19 utils.WebEventListener:afterFindBy 62 Found Element By : By.id: email
[INFO ] 2021-05-14 18:31:28.655 - T - 19 utils.WebEventListener:afterFindBy 62 Found Element By : By.className: signup__submit
[INFO ] 2021-05-14 18:31:28.689 - T - 19 utils.WebEventListener:afterFindBy 62 Found Element By : By.className: signup__submit
[INFO ] 2021-05-14 18:31:28.729 - T - 19 utils.WebEventListener:afterFindBy 62 Found Element By : By.xpath: .//div[@class='signup__footer signup__footer--text-center']/a
[INFO ] 2021-05-14 18:31:28.760 - T - 19 utils.WebEventListener:afterFindBy 62 Found Element By : By.xpath: .//div[@class='signup__footer signup__footer--text-center']/a
[INFO ] 2021-05-14 18:31:28.803 - T - 19 utils.WebEventListener:afterFindBy 62 Found Element By : By.xpath: .//div[@class='signup__container']/h1
[INFO ] 2021-05-14 18:31:28.842 - T - 19 utils.WebEventListener:afterFindBy 62 Found Element By : By.xpath: (.//div[@class='signup__container']/div)[1]
[INFO ] 2021-05-14 18:31:28.860 - T - 19 pages.ForgotPasswordPage:verifyForgotPasswordPage 65 Forgot Password Page Loaded Properly
[INFO ] 2021-05-14 18:31:28.877 - T - 19 utils.WebEventListener:afterFindBy 62 Found Element By : By.id: email
[INFO ] 2021-05-14 18:31:28.895 - T - 16 utils.WebEventListener:afterClickOn 33 Clicked on: [[ChromeDriver: chrome on WINDOWS (b99a9b1890b780a17ea83435f23d940b)] -> class name: signup__submit]
[INFO ] 2021-05-14 18:31:28.910 - T - 19 utils.WebEventListener:afterFindBy 62 Found Element By : By.id: email
[INFO ] 2021-05-14 18:31:28.937 - T - 19 utils.WebEventListener:afterFindBy 62 Found Element By : By.id: email
[INFO ] 2021-05-14 18:31:28.944 - T - 16 utils.WebEventListener:afterFindBy 62 Found Element By : By.xpath: .//div[@class='signup__container']/form/button
[INFO ] 2021-05-14 18:31:29.034 - T - 16 utils.WebEventListener:afterFindBy 62 Found Element By : By.xpath: .//div[@class='signup__container']/form/button
[INFO ] 2021-05-14 18:31:29.101 - T - 19 utils.WebEventListener:afterClickOn 33 Clicked on: [[ChromeDriver: chrome on WINDOWS (c1fff10f47bd62e3343323afe4099668)] -> id: email]
[INFO ] 2021-05-14 18:31:29.117 - T - 16 utils.WebEventListener:afterFindBy 62 Found Element By : By.xpath: .//div[@class='signup__container']/h1
[INFO ] 2021-05-14 18:31:29.122 - T - 19 utils.WebEventListener:afterFindBy 62 Found Element By : By.id: email
[INFO ] 2021-05-14 18:31:29.161 - T - 16 utils.WebEventListener:afterFindBy 62 Found Element By : By.xpath: .//div[@class='signup__container']/h1
[INFO ] 2021-05-14 18:31:29.255 - T - 16 utils.WebEventListener:afterFindBy 62 Found Element By : By.xpath: .//div[@class='signup__container']/div
[INFO ] 2021-05-14 18:31:29.280 - T - 19 utils.WebEventListener:afterFindBy 62 Found Element By : By.className: signup__submit
[INFO ] 2021-05-14 18:31:29.311 - T - 19 utils.WebEventListener:afterFindBy 62 Found Element By : By.className: signup__submit
[INFO ] 2021-05-14 18:31:29.316 - T - 16 utils.WebEventListener:afterFindBy 62 Found Element By : By.xpath: .//div[@class='signup__container']/div
[INFO ] 2021-05-14 18:31:29.336 - T - 16 pages.ForgotPasswordSuccessPage:verifyForgotPageSuccessPage 53 Forgot Password Page Loaded Properly
[INFO ] 2021-05-14 18:31:29.337 - T - 19 utils.WebEventListener:afterFindBy 62 Found Element By : By.className: signup__submit
[INFO ] 2021-05-14 18:31:29.353 - T - 16 utils.WebEventListener:afterFindBy 62 Found Element By : By.xpath: .//div[@class='signup__container']/h1
[INFO ] 2021-05-14 18:31:29.392 - T - 16 utils.WebEventListener:afterFindBy 62 Found Element By : By.xpath: .//div[@class='signup__container']/div
[INFO ] 2021-05-14 18:31:29.446 - T - 16 utils.ListenerClass:onTestSuccess 42 ========verifyForgotPasswordLinkTest completed successfully========
[INFO ] 2021-05-14 18:31:29.447 - T - 16 base.BaseTest:afterMethod 111 In After Method
[INFO ] 2021-05-14 18:31:29.447 - T - 16 base.BaseTest:afterMethod 118 In After Method, Test verifyForgotPasswordLink is Ending
[INFO ] 2021-05-14 18:31:29.447 - T - 16 base.BaseTest:afterMethod 119 Taking Screenshot
[INFO ] 2021-05-14 18:31:29.447 - T - 16 base.BaseTest:screenShot 95 Chrome-->ChromeDriver: chrome on WINDOWS (b99a9b1890b780a17ea83435f23d940b)
[INFO ] 2021-05-14 18:31:30.124 - T - 18 utils.Log:startTestCase 19 

************** Execution Started : verifyForgotPasswordLink on Thread 18**************

[INFO ] 2021-05-14 18:31:30.124 - T - 18 utils.ListenerClass:onTestStart 36 ========verifyForgotPasswordLinkTest is starting========
[INFO ] 2021-05-14 18:31:30.179 - T - 18 utils.WebEventListener:afterFindBy 62 Found Element By : By.xpath: .//div[@class='signup__recovery']/a
[INFO ] 2021-05-14 18:31:30.218 - T - 18 utils.WebEventListener:afterFindBy 62 Found Element By : By.xpath: .//div[@class='signup__recovery']/a
[INFO ] 2021-05-14 18:31:30.243 - T - 18 utils.WebEventListener:afterFindBy 62 Found Element By : By.xpath: .//div[@class='signup__recovery']/a
[INFO ] 2021-05-14 18:31:31.545 - T - 19 utils.WebEventListener:afterClickOn 33 Clicked on: [[ChromeDriver: chrome on WINDOWS (c1fff10f47bd62e3343323afe4099668)] -> class name: signup__submit]
[INFO ] 2021-05-14 18:31:31.580 - T - 19 utils.WebEventListener:afterFindBy 62 Found Element By : By.xpath: .//div[@class='signup__container']/form/button
[INFO ] 2021-05-14 18:31:31.613 - T - 19 utils.WebEventListener:afterFindBy 62 Found Element By : By.xpath: .//div[@class='signup__container']/form/button
[INFO ] 2021-05-14 18:31:31.642 - T - 19 utils.WebEventListener:afterFindBy 62 Found Element By : By.xpath: .//div[@class='signup__container']/h1
[INFO ] 2021-05-14 18:31:31.672 - T - 19 utils.WebEventListener:afterFindBy 62 Found Element By : By.xpath: .//div[@class='signup__container']/h1
[INFO ] 2021-05-14 18:31:31.710 - T - 19 utils.WebEventListener:afterFindBy 62 Found Element By : By.xpath: .//div[@class='signup__container']/div
[INFO ] 2021-05-14 18:31:31.745 - T - 19 utils.WebEventListener:afterFindBy 62 Found Element By : By.xpath: .//div[@class='signup__container']/div
[INFO ] 2021-05-14 18:31:31.777 - T - 19 pages.ForgotPasswordSuccessPage:verifyForgotPageSuccessPage 53 Forgot Password Page Loaded Properly
[INFO ] 2021-05-14 18:31:31.790 - T - 19 utils.WebEventListener:afterFindBy 62 Found Element By : By.xpath: .//div[@class='signup__container']/h1
[INFO ] 2021-05-14 18:31:31.819 - T - 19 utils.WebEventListener:afterFindBy 62 Found Element By : By.xpath: .//div[@class='signup__container']/div
[INFO ] 2021-05-14 18:31:31.838 - T - 19 utils.ListenerClass:onTestSuccess 42 ========verifyForgotPasswordLinkTest completed successfully========
[INFO ] 2021-05-14 18:31:31.839 - T - 19 base.BaseTest:afterMethod 111 In After Method
[INFO ] 2021-05-14 18:31:31.839 - T - 19 base.BaseTest:afterMethod 118 In After Method, Test verifyForgotPasswordLink is Ending
[INFO ] 2021-05-14 18:31:31.840 - T - 19 base.BaseTest:afterMethod 119 Taking Screenshot
[INFO ] 2021-05-14 18:31:31.840 - T - 19 base.BaseTest:screenShot 95 Chrome-->ChromeDriver: chrome on WINDOWS (c1fff10f47bd62e3343323afe4099668)
[INFO ] 2021-05-14 18:31:33.442 - T - 18 utils.WebEventListener:afterClickOn 33 Clicked on: [[FirefoxDriver: firefox on WINDOWS (1f877741-ffe7-46f6-ad25-ba4c8c83eea8)] -> xpath: .//div[@class='signup__recovery']/a]
[INFO ] 2021-05-14 18:31:33.493 - T - 18 utils.WebEventListener:afterFindBy 62 Found Element By : By.id: email
[INFO ] 2021-05-14 18:31:33.529 - T - 18 utils.WebEventListener:afterFindBy 62 Found Element By : By.id: email
[INFO ] 2021-05-14 18:31:33.561 - T - 18 utils.WebEventListener:afterFindBy 62 Found Element By : By.className: signup__submit
[INFO ] 2021-05-14 18:31:33.591 - T - 18 utils.WebEventListener:afterFindBy 62 Found Element By : By.className: signup__submit
[INFO ] 2021-05-14 18:31:33.626 - T - 18 utils.WebEventListener:afterFindBy 62 Found Element By : By.xpath: .//div[@class='signup__footer signup__footer--text-center']/a
[INFO ] 2021-05-14 18:31:33.655 - T - 18 utils.WebEventListener:afterFindBy 62 Found Element By : By.xpath: .//div[@class='signup__footer signup__footer--text-center']/a
[INFO ] 2021-05-14 18:31:33.711 - T - 18 utils.WebEventListener:afterFindBy 62 Found Element By : By.xpath: .//div[@class='signup__container']/h1
[INFO ] 2021-05-14 18:31:33.738 - T - 18 utils.WebEventListener:afterFindBy 62 Found Element By : By.xpath: (.//div[@class='signup__container']/div)[1]
[INFO ] 2021-05-14 18:31:33.748 - T - 18 pages.ForgotPasswordPage:verifyForgotPasswordPage 65 Forgot Password Page Loaded Properly
[INFO ] 2021-05-14 18:31:33.762 - T - 18 utils.WebEventListener:afterFindBy 62 Found Element By : By.id: email
[INFO ] 2021-05-14 18:31:33.795 - T - 18 utils.WebEventListener:afterFindBy 62 Found Element By : By.id: email
[INFO ] 2021-05-14 18:31:33.806 - T - 18 utils.WebEventListener:afterFindBy 62 Found Element By : By.id: email
[INFO ] 2021-05-14 18:31:34.085 - T - 18 utils.WebEventListener:afterClickOn 33 Clicked on: [[FirefoxDriver: firefox on WINDOWS (1f877741-ffe7-46f6-ad25-ba4c8c83eea8)] -> id: email]
[INFO ] 2021-05-14 18:31:34.099 - T - 18 utils.WebEventListener:afterFindBy 62 Found Element By : By.id: email
[INFO ] 2021-05-14 18:31:34.154 - T - 18 utils.WebEventListener:afterFindBy 62 Found Element By : By.className: signup__submit
[INFO ] 2021-05-14 18:31:34.180 - T - 18 utils.WebEventListener:afterFindBy 62 Found Element By : By.className: signup__submit
[INFO ] 2021-05-14 18:31:34.189 - T - 18 utils.WebEventListener:afterFindBy 62 Found Element By : By.className: signup__submit
[INFO ] 2021-05-14 18:31:36.675 - T - 18 utils.WebEventListener:afterClickOn 33 Clicked on: [[FirefoxDriver: firefox on WINDOWS (1f877741-ffe7-46f6-ad25-ba4c8c83eea8)] -> class name: signup__submit]
[INFO ] 2021-05-14 18:31:36.703 - T - 18 utils.WebEventListener:afterFindBy 62 Found Element By : By.xpath: .//div[@class='signup__container']/form/button
[INFO ] 2021-05-14 18:31:36.731 - T - 18 utils.WebEventListener:afterFindBy 62 Found Element By : By.xpath: .//div[@class='signup__container']/form/button
[INFO ] 2021-05-14 18:31:36.759 - T - 18 utils.WebEventListener:afterFindBy 62 Found Element By : By.xpath: .//div[@class='signup__container']/h1
[INFO ] 2021-05-14 18:31:36.786 - T - 18 utils.WebEventListener:afterFindBy 62 Found Element By : By.xpath: .//div[@class='signup__container']/h1
[INFO ] 2021-05-14 18:31:36.813 - T - 18 utils.WebEventListener:afterFindBy 62 Found Element By : By.xpath: .//div[@class='signup__container']/div
[INFO ] 2021-05-14 18:31:36.835 - T - 18 utils.WebEventListener:afterFindBy 62 Found Element By : By.xpath: .//div[@class='signup__container']/div
[INFO ] 2021-05-14 18:31:36.859 - T - 18 pages.ForgotPasswordSuccessPage:verifyForgotPageSuccessPage 53 Forgot Password Page Loaded Properly
[INFO ] 2021-05-14 18:31:36.866 - T - 18 utils.WebEventListener:afterFindBy 62 Found Element By : By.xpath: .//div[@class='signup__container']/h1
[INFO ] 2021-05-14 18:31:36.877 - T - 18 utils.WebEventListener:afterFindBy 62 Found Element By : By.xpath: .//div[@class='signup__container']/div
[INFO ] 2021-05-14 18:31:36.887 - T - 18 utils.ListenerClass:onTestSuccess 42 ========verifyForgotPasswordLinkTest completed successfully========
[INFO ] 2021-05-14 18:31:36.888 - T - 18 base.BaseTest:afterMethod 111 In After Method
[INFO ] 2021-05-14 18:31:36.889 - T - 18 base.BaseTest:afterMethod 118 In After Method, Test verifyForgotPasswordLink is Ending
[INFO ] 2021-05-14 18:31:36.889 - T - 18 base.BaseTest:afterMethod 119 Taking Screenshot
[INFO ] 2021-05-14 18:31:36.889 - T - 18 base.BaseTest:screenShot 99 Firefox-->FirefoxDriver: firefox on WINDOWS (1f877741-ffe7-46f6-ad25-ba4c8c83eea8)
